<?xml version="1.0" encoding="utf-8"?>
<CoverageSession xmlns:xsd="http://www.w3.org/2001/XMLSchema" xmlns:xsi="http://www.w3.org/2001/XMLSchema-instance" Version="4.7.922.0">
  <Summary numSequencePoints="1468" visitedSequencePoints="0" numBranchPoints="376" visitedBranchPoints="0" sequenceCoverage="0" branchCoverage="0" maxCyclomaticComplexity="5" minCyclomaticComplexity="1" maxCrapScore="30" minCrapScore="2" visitedClasses="0" numClasses="24" visitedMethods="0" numMethods="224" />
  <Modules>
    <Module hash="DD-DD-F6-D0-C7-DE-DC-F0-CF-A3-F3-1B-05-9B-3D-53-A9-E8-6B-F5">
      <Summary numSequencePoints="1468" visitedSequencePoints="0" numBranchPoints="376" visitedBranchPoints="0" sequenceCoverage="0" branchCoverage="0" maxCyclomaticComplexity="5" minCyclomaticComplexity="1" maxCrapScore="30" minCrapScore="2" visitedClasses="0" numClasses="24" visitedMethods="0" numMethods="224" />
      <ModulePath>C:\Users\orange\Desktop\class\112_1\DesignWindows\PPT\PowerPoint\bin\Debug\fine-code-coverage\build-output\PowerPoint.exe</ModulePath>
      <ModuleTime>2024-01-06T04:49:54.3380541Z</ModuleTime>
      <ModuleName>PowerPoint</ModuleName>
      <Files>
        <File uid="1" fullPath="C:\Users\orange\Desktop\class\112_1\DesignWindows\PPT\PowerPoint\Circle.cs" />
        <File uid="2" fullPath="C:\Users\orange\Desktop\class\112_1\DesignWindows\PPT\PowerPoint\CoordinateInputDialog\CoordinateInputDialog.Designer.cs" />
        <File uid="3" fullPath="C:\Users\orange\Desktop\class\112_1\DesignWindows\PPT\PowerPoint\CoordinateInputDialog\CoordinateInputDialog.cs" />
        <File uid="4" fullPath="C:\Users\orange\Desktop\class\112_1\DesignWindows\PPT\PowerPoint\Factory.cs" />
        <File uid="5" fullPath="C:\Users\orange\Desktop\class\112_1\DesignWindows\PPT\PowerPoint\Form1.Designer.cs" />
        <File uid="6" fullPath="C:\Users\orange\Desktop\class\112_1\DesignWindows\PPT\PowerPoint\Form1.cs" />
        <File uid="7" fullPath="C:\Users\orange\Desktop\class\112_1\DesignWindows\PPT\PowerPoint\Line.cs" />
        <File uid="8" fullPath="C:\Users\orange\Desktop\class\112_1\DesignWindows\PPT\PowerPoint\Model\Model.cs" />
        <File uid="9" fullPath="C:\Users\orange\Desktop\class\112_1\DesignWindows\PPT\PowerPoint\Model\ModelPartial.cs" />
        <File uid="10" fullPath="C:\Users\orange\Desktop\class\112_1\DesignWindows\PPT\PowerPoint\Page.cs" />
        <File uid="11" fullPath="C:\Users\orange\Desktop\class\112_1\DesignWindows\PPT\PowerPoint\Panel2.cs" />
        <File uid="12" fullPath="C:\Users\orange\Desktop\class\112_1\DesignWindows\PPT\PowerPoint\Program.cs" />
        <File uid="13" fullPath="C:\Users\orange\Desktop\class\112_1\DesignWindows\PPT\PowerPoint\Rectangle.cs" />
        <File uid="14" fullPath="C:\Users\orange\Desktop\class\112_1\DesignWindows\PPT\PowerPoint\Shape.cs" />
        <File uid="15" fullPath="C:\Users\orange\Desktop\class\112_1\DesignWindows\PPT\PowerPoint\State\DrawingState.cs" />
        <File uid="16" fullPath="C:\Users\orange\Desktop\class\112_1\DesignWindows\PPT\PowerPoint\State\NormalState.cs" />
        <File uid="17" fullPath="C:\Users\orange\Desktop\class\112_1\DesignWindows\PPT\PowerPoint\State\ResizeState.cs" />
        <File uid="18" fullPath="C:\Users\orange\Desktop\class\112_1\DesignWindows\PPT\PowerPoint\State\SelectState.cs" />
        <File uid="19" fullPath="C:\Users\orange\Desktop\class\112_1\DesignWindows\PPT\PowerPoint\ShowModel\ShowModel.cs" />
        <File uid="20" fullPath="C:\Users\orange\Desktop\class\112_1\DesignWindows\PPT\PowerPoint\ShowModel\WindowsGraphics.cs" />
        <File uid="21" fullPath="C:\Users\orange\Desktop\class\112_1\DesignWindows\PPT\PowerPoint\Command\AddCommand.cs" />
        <File uid="22" fullPath="C:\Users\orange\Desktop\class\112_1\DesignWindows\PPT\PowerPoint\Command\CommandManager.cs" />
        <File uid="23" fullPath="C:\Users\orange\Desktop\class\112_1\DesignWindows\PPT\PowerPoint\Command\ResizeCommand.cs" />
        <File uid="24" fullPath="C:\Users\orange\Desktop\class\112_1\DesignWindows\PPT\PowerPoint\Command\DeleteCommand.cs" />
        <File uid="25" fullPath="C:\Users\orange\Desktop\class\112_1\DesignWindows\PPT\PowerPoint\Command\DrawingCommand.cs" />
        <File uid="26" fullPath="C:\Users\orange\Desktop\class\112_1\DesignWindows\PPT\PowerPoint\Command\MoveCommand.cs" />
        <File uid="27" fullPath="C:\Users\orange\Desktop\class\112_1\DesignWindows\PPT\PowerPoint\ButtonDataBinding.cs" />
      </Files>
      <Classes>
        <Class>
          <Summary numSequencePoints="17" visitedSequencePoints="0" numBranchPoints="4" visitedBranchPoints="0" sequenceCoverage="0" branchCoverage="0" maxCyclomaticComplexity="1" minCyclomaticComplexity="1" maxCrapScore="2" minCrapScore="2" visitedClasses="0" numClasses="1" visitedMethods="0" numMethods="4" />
          <FullName>PowerPoint.Circle</FullName>
          <Methods>
            <Method visited="false" cyclomaticComplexity="1" nPathComplexity="0" sequenceCoverage="0" branchCoverage="0" crapScore="2" isConstructor="true" isStatic="false" isGetter="false" isSetter="false">
              <Summary numSequencePoints="5" visitedSequencePoints="0" numBranchPoints="1" visitedBranchPoints="0" sequenceCoverage="0" branchCoverage="0" maxCyclomaticComplexity="1" minCyclomaticComplexity="1" maxCrapScore="2" minCrapScore="2" visitedClasses="0" numClasses="0" visitedMethods="0" numMethods="1" />
              <MetadataToken>100663297</MetadataToken>
              <Name>System.Void PowerPoint.Circle::.ctor(System.Drawing.Point,System.Drawing.Point)</Name>
              <FileRef uid="1" />
              <SequencePoints>
                <SequencePoint vc="0" uspid="1" ordinal="0" offset="0" sl="13" sc="53" el="13" ec="73" bec="0" bev="0" fileid="1" />
                <SequencePoint vc="0" uspid="2" ordinal="1" offset="9" sl="14" sc="9" el="14" ec="10" bec="0" bev="0" fileid="1" />
                <SequencePoint vc="0" uspid="3" ordinal="2" offset="10" sl="15" sc="13" el="15" ec="42" bec="0" bev="0" fileid="1" />
                <SequencePoint vc="0" uspid="4" ordinal="3" offset="21" sl="16" sc="13" el="16" ec="43" bec="0" bev="0" fileid="1" />
                <SequencePoint vc="0" uspid="5" ordinal="4" offset="28" sl="17" sc="9" el="17" ec="10" bec="0" bev="0" fileid="1" />
              </SequencePoints>
              <BranchPoints />
              <MethodPoint xsi:type="SequencePoint" vc="0" uspid="1" ordinal="0" offset="0" sl="13" sc="53" el="13" ec="73" bec="0" bev="0" fileid="1" />
            </Method>
            <Method visited="false" cyclomaticComplexity="1" nPathComplexity="0" sequenceCoverage="0" branchCoverage="0" crapScore="2" isConstructor="true" isStatic="false" isGetter="false" isSetter="false">
              <Summary numSequencePoints="5" visitedSequencePoints="0" numBranchPoints="1" visitedBranchPoints="0" sequenceCoverage="0" branchCoverage="0" maxCyclomaticComplexity="1" minCyclomaticComplexity="1" maxCrapScore="2" minCrapScore="2" visitedClasses="0" numClasses="0" visitedMethods="0" numMethods="1" />
              <MetadataToken>100663298</MetadataToken>
              <Name>System.Void PowerPoint.Circle::.ctor()</Name>
              <FileRef uid="1" />
              <SequencePoints>
                <SequencePoint vc="0" uspid="6" ordinal="0" offset="0" sl="19" sc="9" el="19" ec="24" bec="0" bev="0" fileid="1" />
                <SequencePoint vc="0" uspid="7" ordinal="1" offset="7" sl="20" sc="9" el="20" ec="10" bec="0" bev="0" fileid="1" />
                <SequencePoint vc="0" uspid="8" ordinal="2" offset="8" sl="21" sc="13" el="21" ec="42" bec="0" bev="0" fileid="1" />
                <SequencePoint vc="0" uspid="9" ordinal="3" offset="19" sl="22" sc="13" el="22" ec="43" bec="0" bev="0" fileid="1" />
                <SequencePoint vc="0" uspid="10" ordinal="4" offset="26" sl="23" sc="9" el="23" ec="10" bec="0" bev="0" fileid="1" />
              </SequencePoints>
              <BranchPoints />
              <MethodPoint xsi:type="SequencePoint" vc="0" uspid="6" ordinal="0" offset="0" sl="19" sc="9" el="19" ec="24" bec="0" bev="0" fileid="1" />
            </Method>
            <Method visited="false" cyclomaticComplexity="1" nPathComplexity="0" sequenceCoverage="0" branchCoverage="0" crapScore="2" isConstructor="false" isStatic="false" isGetter="false" isSetter="false">
              <Summary numSequencePoints="4" visitedSequencePoints="0" numBranchPoints="1" visitedBranchPoints="0" sequenceCoverage="0" branchCoverage="0" maxCyclomaticComplexity="1" minCyclomaticComplexity="1" maxCrapScore="2" minCrapScore="2" visitedClasses="0" numClasses="0" visitedMethods="0" numMethods="1" />
              <MetadataToken>100663299</MetadataToken>
              <Name>System.Void PowerPoint.Circle::Draw(PowerPoint.IGraphics)</Name>
              <FileRef uid="1" />
              <SequencePoints>
                <SequencePoint vc="0" uspid="11" ordinal="0" offset="0" sl="27" sc="9" el="27" ec="10" bec="0" bev="0" fileid="1" />
                <SequencePoint vc="0" uspid="12" ordinal="1" offset="1" sl="28" sc="13" el="28" ec="63" bec="0" bev="0" fileid="1" />
                <SequencePoint vc="0" uspid="13" ordinal="2" offset="17" sl="29" sc="13" el="29" ec="56" bec="0" bev="0" fileid="1" />
                <SequencePoint vc="0" uspid="14" ordinal="3" offset="37" sl="30" sc="9" el="30" ec="10" bec="0" bev="0" fileid="1" />
              </SequencePoints>
              <BranchPoints />
              <MethodPoint xsi:type="SequencePoint" vc="0" uspid="11" ordinal="0" offset="0" sl="27" sc="9" el="27" ec="10" bec="0" bev="0" fileid="1" />
            </Method>
            <Method visited="false" cyclomaticComplexity="1" nPathComplexity="0" sequenceCoverage="0" branchCoverage="0" crapScore="2" isConstructor="false" isStatic="false" isGetter="false" isSetter="false">
              <Summary numSequencePoints="3" visitedSequencePoints="0" numBranchPoints="1" visitedBranchPoints="0" sequenceCoverage="0" branchCoverage="0" maxCyclomaticComplexity="1" minCyclomaticComplexity="1" maxCrapScore="2" minCrapScore="2" visitedClasses="0" numClasses="0" visitedMethods="0" numMethods="1" />
              <MetadataToken>100663300</MetadataToken>
              <Name>System.Void PowerPoint.Circle::DrawBox(PowerPoint.IGraphics)</Name>
              <FileRef uid="1" />
              <SequencePoints>
                <SequencePoint vc="0" uspid="15" ordinal="0" offset="0" sl="34" sc="9" el="34" ec="10" bec="0" bev="0" fileid="1" />
                <SequencePoint vc="0" uspid="16" ordinal="1" offset="1" sl="35" sc="13" el="35" ec="60" bec="0" bev="0" fileid="1" />
                <SequencePoint vc="0" uspid="17" ordinal="2" offset="20" sl="36" sc="9" el="36" ec="10" bec="0" bev="0" fileid="1" />
              </SequencePoints>
              <BranchPoints />
              <MethodPoint xsi:type="SequencePoint" vc="0" uspid="15" ordinal="0" offset="0" sl="34" sc="9" el="34" ec="10" bec="0" bev="0" fileid="1" />
            </Method>
          </Methods>
        </Class>
        <Class>
          <Summary numSequencePoints="0" visitedSequencePoints="0" numBranchPoints="0" visitedBranchPoints="0" sequenceCoverage="0" branchCoverage="0" maxCyclomaticComplexity="1" minCyclomaticComplexity="1" maxCrapScore="2" minCrapScore="2" visitedClasses="0" numClasses="0" visitedMethods="0" numMethods="0" />
          <FullName>PowerPoint.Constant</FullName>
          <Methods>
            <Method visited="false" cyclomaticComplexity="1" nPathComplexity="0" sequenceCoverage="0" branchCoverage="0" crapScore="2" isConstructor="true" isStatic="false" isGetter="false" isSetter="false">
              <Summary numSequencePoints="0" visitedSequencePoints="0" numBranchPoints="0" visitedBranchPoints="0" sequenceCoverage="0" branchCoverage="0" maxCyclomaticComplexity="1" minCyclomaticComplexity="1" maxCrapScore="2" minCrapScore="2" visitedClasses="0" numClasses="0" visitedMethods="0" numMethods="0" />
              <MetadataToken>100663301</MetadataToken>
              <Name>System.Void PowerPoint.Constant::.ctor()</Name>
              <SequencePoints />
              <BranchPoints />
              <MethodPoint vc="0" uspid="18" ordinal="0" offset="0" />
            </Method>
          </Methods>
        </Class>
        <Class>
          <Summary numSequencePoints="129" visitedSequencePoints="0" numBranchPoints="21" visitedBranchPoints="0" sequenceCoverage="0" branchCoverage="0" maxCyclomaticComplexity="5" minCyclomaticComplexity="1" maxCrapScore="30" minCrapScore="2" visitedClasses="0" numClasses="1" visitedMethods="0" numMethods="9" />
          <FullName>PowerPoint.CoordinateInputDialog</FullName>
          <Methods>
            <Method visited="false" cyclomaticComplexity="1" nPathComplexity="0" sequenceCoverage="0" branchCoverage="0" crapScore="2" isConstructor="false" isStatic="false" isGetter="true" isSetter="false">
              <Summary numSequencePoints="1" visitedSequencePoints="0" numBranchPoints="1" visitedBranchPoints="0" sequenceCoverage="0" branchCoverage="0" maxCyclomaticComplexity="1" minCyclomaticComplexity="1" maxCrapScore="2" minCrapScore="2" visitedClasses="0" numClasses="0" visitedMethods="0" numMethods="1" />
              <MetadataToken>100663303</MetadataToken>
              <Name>System.Drawing.Point PowerPoint.CoordinateInputDialog::get__topLeft()</Name>
              <FileRef uid="3" />
              <SequencePoints>
                <SequencePoint vc="0" uspid="19" ordinal="0" offset="0" sl="44" sc="13" el="44" ec="17" bec="0" bev="0" fileid="3" />
              </SequencePoints>
              <BranchPoints />
              <MethodPoint xsi:type="SequencePoint" vc="0" uspid="19" ordinal="0" offset="0" sl="44" sc="13" el="44" ec="17" bec="0" bev="0" fileid="3" />
            </Method>
            <Method visited="false" cyclomaticComplexity="1" nPathComplexity="0" sequenceCoverage="0" branchCoverage="0" crapScore="2" isConstructor="false" isStatic="false" isGetter="false" isSetter="true">
              <Summary numSequencePoints="1" visitedSequencePoints="0" numBranchPoints="1" visitedBranchPoints="0" sequenceCoverage="0" branchCoverage="0" maxCyclomaticComplexity="1" minCyclomaticComplexity="1" maxCrapScore="2" minCrapScore="2" visitedClasses="0" numClasses="0" visitedMethods="0" numMethods="1" />
              <MetadataToken>100663304</MetadataToken>
              <Name>System.Void PowerPoint.CoordinateInputDialog::set__topLeft(System.Drawing.Point)</Name>
              <FileRef uid="3" />
              <SequencePoints>
                <SequencePoint vc="0" uspid="20" ordinal="0" offset="0" sl="45" sc="13" el="45" ec="17" bec="0" bev="0" fileid="3" />
              </SequencePoints>
              <BranchPoints />
              <MethodPoint xsi:type="SequencePoint" vc="0" uspid="20" ordinal="0" offset="0" sl="45" sc="13" el="45" ec="17" bec="0" bev="0" fileid="3" />
            </Method>
            <Method visited="false" cyclomaticComplexity="1" nPathComplexity="0" sequenceCoverage="0" branchCoverage="0" crapScore="2" isConstructor="false" isStatic="false" isGetter="true" isSetter="false">
              <Summary numSequencePoints="1" visitedSequencePoints="0" numBranchPoints="1" visitedBranchPoints="0" sequenceCoverage="0" branchCoverage="0" maxCyclomaticComplexity="1" minCyclomaticComplexity="1" maxCrapScore="2" minCrapScore="2" visitedClasses="0" numClasses="0" visitedMethods="0" numMethods="1" />
              <MetadataToken>100663305</MetadataToken>
              <Name>System.Drawing.Point PowerPoint.CoordinateInputDialog::get__downRight()</Name>
              <FileRef uid="3" />
              <SequencePoints>
                <SequencePoint vc="0" uspid="21" ordinal="0" offset="0" sl="49" sc="13" el="49" ec="17" bec="0" bev="0" fileid="3" />
              </SequencePoints>
              <BranchPoints />
              <MethodPoint xsi:type="SequencePoint" vc="0" uspid="21" ordinal="0" offset="0" sl="49" sc="13" el="49" ec="17" bec="0" bev="0" fileid="3" />
            </Method>
            <Method visited="false" cyclomaticComplexity="1" nPathComplexity="0" sequenceCoverage="0" branchCoverage="0" crapScore="2" isConstructor="false" isStatic="false" isGetter="false" isSetter="true">
              <Summary numSequencePoints="1" visitedSequencePoints="0" numBranchPoints="1" visitedBranchPoints="0" sequenceCoverage="0" branchCoverage="0" maxCyclomaticComplexity="1" minCyclomaticComplexity="1" maxCrapScore="2" minCrapScore="2" visitedClasses="0" numClasses="0" visitedMethods="0" numMethods="1" />
              <MetadataToken>100663306</MetadataToken>
              <Name>System.Void PowerPoint.CoordinateInputDialog::set__downRight(System.Drawing.Point)</Name>
              <FileRef uid="3" />
              <SequencePoints>
                <SequencePoint vc="0" uspid="22" ordinal="0" offset="0" sl="50" sc="13" el="50" ec="17" bec="0" bev="0" fileid="3" />
              </SequencePoints>
              <BranchPoints />
              <MethodPoint xsi:type="SequencePoint" vc="0" uspid="22" ordinal="0" offset="0" sl="50" sc="13" el="50" ec="17" bec="0" bev="0" fileid="3" />
            </Method>
            <Method visited="false" cyclomaticComplexity="1" nPathComplexity="0" sequenceCoverage="0" branchCoverage="0" crapScore="2" isConstructor="true" isStatic="false" isGetter="false" isSetter="false">
              <Summary numSequencePoints="14" visitedSequencePoints="0" numBranchPoints="1" visitedBranchPoints="0" sequenceCoverage="0" branchCoverage="0" maxCyclomaticComplexity="1" minCyclomaticComplexity="1" maxCrapScore="2" minCrapScore="2" visitedClasses="0" numClasses="0" visitedMethods="0" numMethods="1" />
              <MetadataToken>100663302</MetadataToken>
              <Name>System.Void PowerPoint.CoordinateInputDialog::.ctor()</Name>
              <FileRef uid="2" />
              <SequencePoints>
                <SequencePoint vc="0" uspid="23" ordinal="0" offset="0" sl="9" sc="9" el="9" ec="68" bec="0" bev="0" fileid="2" />
                <SequencePoint vc="0" uspid="24" ordinal="1" offset="7" sl="17" sc="9" el="17" ec="39" bec="0" bev="0" fileid="3" />
                <SequencePoint vc="0" uspid="25" ordinal="2" offset="14" sl="18" sc="9" el="18" ec="10" bec="0" bev="0" fileid="3" />
                <SequencePoint vc="0" uspid="26" ordinal="3" offset="15" sl="19" sc="13" el="19" ec="35" bec="0" bev="0" fileid="3" />
                <SequencePoint vc="0" uspid="27" ordinal="4" offset="22" sl="20" sc="13" el="20" ec="53" bec="0" bev="0" fileid="3" />
                <SequencePoint vc="0" uspid="28" ordinal="5" offset="46" sl="21" sc="13" el="21" ec="53" bec="0" bev="0" fileid="3" />
                <SequencePoint vc="0" uspid="29" ordinal="6" offset="70" sl="22" sc="13" el="22" ec="55" bec="0" bev="0" fileid="3" />
                <SequencePoint vc="0" uspid="30" ordinal="7" offset="94" sl="23" sc="13" el="23" ec="55" bec="0" bev="0" fileid="3" />
                <SequencePoint vc="0" uspid="31" ordinal="8" offset="118" sl="24" sc="13" el="24" ec="39" bec="0" bev="0" fileid="3" />
                <SequencePoint vc="0" uspid="32" ordinal="9" offset="131" sl="25" sc="13" el="25" ec="60" bec="0" bev="0" fileid="3" />
                <SequencePoint vc="0" uspid="33" ordinal="10" offset="148" sl="26" sc="13" el="26" ec="60" bec="0" bev="0" fileid="3" />
                <SequencePoint vc="0" uspid="34" ordinal="11" offset="165" sl="27" sc="13" el="27" ec="66" bec="0" bev="0" fileid="3" />
                <SequencePoint vc="0" uspid="35" ordinal="12" offset="182" sl="28" sc="13" el="28" ec="66" bec="0" bev="0" fileid="3" />
                <SequencePoint vc="0" uspid="36" ordinal="13" offset="199" sl="31" sc="9" el="31" ec="10" bec="0" bev="0" fileid="3" />
              </SequencePoints>
              <BranchPoints />
              <MethodPoint xsi:type="SequencePoint" vc="0" uspid="23" ordinal="0" offset="0" sl="9" sc="9" el="9" ec="68" bec="0" bev="0" fileid="2" />
            </Method>
            <Method visited="false" cyclomaticComplexity="1" nPathComplexity="0" sequenceCoverage="0" branchCoverage="0" crapScore="2" isConstructor="false" isStatic="false" isGetter="false" isSetter="false">
              <Summary numSequencePoints="8" visitedSequencePoints="0" numBranchPoints="1" visitedBranchPoints="0" sequenceCoverage="0" branchCoverage="0" maxCyclomaticComplexity="1" minCyclomaticComplexity="1" maxCrapScore="2" minCrapScore="2" visitedClasses="0" numClasses="0" visitedMethods="0" numMethods="1" />
              <MetadataToken>100663307</MetadataToken>
              <Name>System.Void PowerPoint.CoordinateInputDialog::_okButton_Click(System.Object,System.EventArgs)</Name>
              <FileRef uid="3" />
              <SequencePoints>
                <SequencePoint vc="0" uspid="37" ordinal="0" offset="0" sl="54" sc="9" el="54" ec="10" bec="0" bev="0" fileid="3" />
                <SequencePoint vc="0" uspid="38" ordinal="1" offset="1" sl="55" sc="13" el="55" ec="70" bec="0" bev="0" fileid="3" />
                <SequencePoint vc="0" uspid="39" ordinal="2" offset="25" sl="56" sc="13" el="56" ec="71" bec="0" bev="0" fileid="3" />
                <SequencePoint vc="0" uspid="40" ordinal="3" offset="49" sl="57" sc="13" el="57" ec="74" bec="0" bev="0" fileid="3" />
                <SequencePoint vc="0" uspid="41" ordinal="4" offset="73" sl="58" sc="13" el="58" ec="74" bec="0" bev="0" fileid="3" />
                <SequencePoint vc="0" uspid="42" ordinal="5" offset="97" sl="59" sc="13" el="59" ec="48" bec="0" bev="0" fileid="3" />
                <SequencePoint vc="0" uspid="43" ordinal="6" offset="111" sl="60" sc="13" el="60" ec="52" bec="0" bev="0" fileid="3" />
                <SequencePoint vc="0" uspid="44" ordinal="7" offset="125" sl="61" sc="9" el="61" ec="10" bec="0" bev="0" fileid="3" />
              </SequencePoints>
              <BranchPoints />
              <MethodPoint xsi:type="SequencePoint" vc="0" uspid="37" ordinal="0" offset="0" sl="54" sc="9" el="54" ec="10" bec="0" bev="0" fileid="3" />
            </Method>
            <Method visited="false" cyclomaticComplexity="5" nPathComplexity="16" sequenceCoverage="0" branchCoverage="0" crapScore="30" isConstructor="false" isStatic="false" isGetter="false" isSetter="false">
              <Summary numSequencePoints="11" visitedSequencePoints="0" numBranchPoints="9" visitedBranchPoints="0" sequenceCoverage="0" branchCoverage="0" maxCyclomaticComplexity="5" minCyclomaticComplexity="5" maxCrapScore="30" minCrapScore="30" visitedClasses="0" numClasses="0" visitedMethods="0" numMethods="1" />
              <MetadataToken>100663308</MetadataToken>
              <Name>System.Void PowerPoint.CoordinateInputDialog::DetectEnableOK(System.Object,System.EventArgs)</Name>
              <FileRef uid="3" />
              <SequencePoints>
                <SequencePoint vc="0" uspid="45" ordinal="0" offset="0" sl="65" sc="9" el="65" ec="10" bec="0" bev="0" fileid="3" />
                <SequencePoint vc="0" uspid="46" ordinal="1" offset="1" sl="66" sc="13" el="69" ec="64" bec="6" bev="0" fileid="3" />
                <SequencePoint vc="0" uspid="47" ordinal="2" offset="88" sl="70" sc="13" el="70" ec="14" bec="0" bev="0" fileid="3" />
                <SequencePoint vc="0" uspid="48" ordinal="3" offset="89" sl="71" sc="17" el="71" ec="52" bec="0" bev="0" fileid="3" />
                <SequencePoint vc="0" uspid="49" ordinal="4" offset="103" sl="72" sc="17" el="72" ec="56" bec="0" bev="0" fileid="3" />
                <SequencePoint vc="0" uspid="50" ordinal="5" offset="117" sl="73" sc="17" el="73" ec="42" bec="0" bev="0" fileid="3" />
                <SequencePoint vc="0" uspid="51" ordinal="6" offset="130" sl="74" sc="13" el="74" ec="14" bec="0" bev="0" fileid="3" />
                <SequencePoint vc="0" uspid="52" ordinal="7" offset="133" sl="76" sc="13" el="76" ec="14" bec="0" bev="0" fileid="3" />
                <SequencePoint vc="0" uspid="53" ordinal="8" offset="134" sl="77" sc="17" el="77" ec="43" bec="0" bev="0" fileid="3" />
                <SequencePoint vc="0" uspid="54" ordinal="9" offset="147" sl="78" sc="13" el="78" ec="14" bec="0" bev="0" fileid="3" />
                <SequencePoint vc="0" uspid="55" ordinal="10" offset="148" sl="79" sc="9" el="79" ec="10" bec="0" bev="0" fileid="3" />
              </SequencePoints>
              <BranchPoints>
                <BranchPoint vc="0" uspid="56" ordinal="0" offset="19" sl="66" path="0" offsetend="21" fileid="3" />
                <BranchPoint vc="0" uspid="57" ordinal="1" offset="19" sl="66" path="1" offsetend="81" fileid="3" />
                <BranchPoint vc="0" uspid="58" ordinal="2" offset="39" sl="66" path="0" offsetend="41" fileid="3" />
                <BranchPoint vc="0" uspid="59" ordinal="3" offset="39" sl="66" path="1" offsetend="81" fileid="3" />
                <BranchPoint vc="0" uspid="60" ordinal="4" offset="59" sl="66" path="0" offsetend="61" fileid="3" />
                <BranchPoint vc="0" uspid="61" ordinal="5" offset="59" sl="66" path="1" offsetend="81" fileid="3" />
                <BranchPoint vc="0" uspid="62" ordinal="6" offset="86" sl="66" path="0" offsetend="88" fileid="3" />
                <BranchPoint vc="0" uspid="63" ordinal="7" offset="86" sl="66" path="1" offsetend="133" fileid="3" />
              </BranchPoints>
              <MethodPoint xsi:type="SequencePoint" vc="0" uspid="45" ordinal="0" offset="0" sl="65" sc="9" el="65" ec="10" bec="0" bev="0" fileid="3" />
            </Method>
            <Method visited="false" cyclomaticComplexity="3" nPathComplexity="4" sequenceCoverage="0" branchCoverage="0" crapScore="12" isConstructor="false" isStatic="false" isGetter="false" isSetter="false">
              <Summary numSequencePoints="7" visitedSequencePoints="0" numBranchPoints="5" visitedBranchPoints="0" sequenceCoverage="0" branchCoverage="0" maxCyclomaticComplexity="3" minCyclomaticComplexity="3" maxCrapScore="12" minCrapScore="12" visitedClasses="0" numClasses="0" visitedMethods="0" numMethods="1" />
              <MetadataToken>100663309</MetadataToken>
              <Name>System.Void PowerPoint.CoordinateInputDialog::Dispose(System.Boolean)</Name>
              <FileRef uid="2" />
              <SequencePoints>
                <SequencePoint vc="0" uspid="64" ordinal="0" offset="0" sl="16" sc="9" el="16" ec="10" bec="0" bev="0" fileid="2" />
                <SequencePoint vc="0" uspid="65" ordinal="1" offset="1" sl="17" sc="13" el="17" ec="51" bec="4" bev="0" fileid="2" />
                <SequencePoint vc="0" uspid="66" ordinal="2" offset="20" sl="18" sc="13" el="18" ec="14" bec="0" bev="0" fileid="2" />
                <SequencePoint vc="0" uspid="67" ordinal="3" offset="21" sl="19" sc="17" el="19" ec="38" bec="0" bev="0" fileid="2" />
                <SequencePoint vc="0" uspid="68" ordinal="4" offset="33" sl="20" sc="13" el="20" ec="14" bec="0" bev="0" fileid="2" />
                <SequencePoint vc="0" uspid="69" ordinal="5" offset="34" sl="21" sc="13" el="21" ec="37" bec="0" bev="0" fileid="2" />
                <SequencePoint vc="0" uspid="70" ordinal="6" offset="42" sl="22" sc="9" el="22" ec="10" bec="0" bev="0" fileid="2" />
              </SequencePoints>
              <BranchPoints>
                <BranchPoint vc="0" uspid="71" ordinal="0" offset="2" sl="17" path="0" offsetend="4" fileid="2" />
                <BranchPoint vc="0" uspid="72" ordinal="1" offset="2" sl="17" path="1" offsetend="15" fileid="2" />
                <BranchPoint vc="0" uspid="73" ordinal="2" offset="18" sl="17" path="0" offsetend="20" fileid="2" />
                <BranchPoint vc="0" uspid="74" ordinal="3" offset="18" sl="17" path="1" offsetend="34" fileid="2" />
              </BranchPoints>
              <MethodPoint xsi:type="SequencePoint" vc="0" uspid="64" ordinal="0" offset="0" sl="16" sc="9" el="16" ec="10" bec="0" bev="0" fileid="2" />
            </Method>
            <Method visited="false" cyclomaticComplexity="1" nPathComplexity="0" sequenceCoverage="0" branchCoverage="0" crapScore="2" isConstructor="false" isStatic="false" isGetter="false" isSetter="false">
              <Summary numSequencePoints="85" visitedSequencePoints="0" numBranchPoints="1" visitedBranchPoints="0" sequenceCoverage="0" branchCoverage="0" maxCyclomaticComplexity="1" minCyclomaticComplexity="1" maxCrapScore="2" minCrapScore="2" visitedClasses="0" numClasses="0" visitedMethods="0" numMethods="1" />
              <MetadataToken>100663310</MetadataToken>
              <Name>System.Void PowerPoint.CoordinateInputDialog::InitializeComponent()</Name>
              <FileRef uid="2" />
              <SequencePoints>
                <SequencePoint vc="0" uspid="75" ordinal="0" offset="0" sl="31" sc="9" el="31" ec="10" bec="0" bev="0" fileid="2" />
                <SequencePoint vc="0" uspid="76" ordinal="1" offset="1" sl="32" sc="13" el="32" ec="65" bec="0" bev="0" fileid="2" />
                <SequencePoint vc="0" uspid="77" ordinal="2" offset="12" sl="33" sc="13" el="33" ec="67" bec="0" bev="0" fileid="2" />
                <SequencePoint vc="0" uspid="78" ordinal="3" offset="23" sl="34" sc="13" el="34" ec="65" bec="0" bev="0" fileid="2" />
                <SequencePoint vc="0" uspid="79" ordinal="4" offset="34" sl="35" sc="13" el="35" ec="68" bec="0" bev="0" fileid="2" />
                <SequencePoint vc="0" uspid="80" ordinal="5" offset="45" sl="36" sc="13" el="36" ec="67" bec="0" bev="0" fileid="2" />
                <SequencePoint vc="0" uspid="81" ordinal="6" offset="56" sl="37" sc="13" el="37" ec="70" bec="0" bev="0" fileid="2" />
                <SequencePoint vc="0" uspid="82" ordinal="7" offset="67" sl="38" sc="13" el="38" ec="67" bec="0" bev="0" fileid="2" />
                <SequencePoint vc="0" uspid="83" ordinal="8" offset="78" sl="39" sc="13" el="39" ec="69" bec="0" bev="0" fileid="2" />
                <SequencePoint vc="0" uspid="84" ordinal="9" offset="89" sl="40" sc="13" el="40" ec="64" bec="0" bev="0" fileid="2" />
                <SequencePoint vc="0" uspid="85" ordinal="10" offset="100" sl="41" sc="13" el="41" ec="68" bec="0" bev="0" fileid="2" />
                <SequencePoint vc="0" uspid="86" ordinal="11" offset="111" sl="42" sc="13" el="42" ec="34" bec="0" bev="0" fileid="2" />
                <SequencePoint vc="0" uspid="87" ordinal="12" offset="118" sl="46" sc="13" el="46" ec="73" bec="0" bev="0" fileid="2" />
                <SequencePoint vc="0" uspid="88" ordinal="13" offset="139" sl="47" sc="13" el="47" ec="47" bec="0" bev="0" fileid="2" />
                <SequencePoint vc="0" uspid="89" ordinal="14" offset="156" sl="48" sc="13" el="48" ec="68" bec="0" bev="0" fileid="2" />
                <SequencePoint vc="0" uspid="90" ordinal="15" offset="177" sl="49" sc="13" el="49" ec="41" bec="0" bev="0" fileid="2" />
                <SequencePoint vc="0" uspid="91" ordinal="16" offset="190" sl="53" sc="13" el="53" ec="48" bec="0" bev="0" fileid="2" />
                <SequencePoint vc="0" uspid="92" ordinal="17" offset="203" sl="54" sc="13" el="54" ec="77" bec="0" bev="0" fileid="2" />
                <SequencePoint vc="0" uspid="93" ordinal="18" offset="224" sl="55" sc="13" el="55" ec="55" bec="0" bev="0" fileid="2" />
                <SequencePoint vc="0" uspid="94" ordinal="19" offset="241" sl="56" sc="13" el="56" ec="71" bec="0" bev="0" fileid="2" />
                <SequencePoint vc="0" uspid="95" ordinal="20" offset="262" sl="57" sc="13" el="57" ec="45" bec="0" bev="0" fileid="2" />
                <SequencePoint vc="0" uspid="96" ordinal="21" offset="275" sl="58" sc="13" el="58" ec="48" bec="0" bev="0" fileid="2" />
                <SequencePoint vc="0" uspid="97" ordinal="22" offset="292" sl="62" sc="13" el="62" ec="74" bec="0" bev="0" fileid="2" />
                <SequencePoint vc="0" uspid="98" ordinal="23" offset="316" sl="63" sc="13" el="63" ec="47" bec="0" bev="0" fileid="2" />
                <SequencePoint vc="0" uspid="99" ordinal="24" offset="333" sl="64" sc="13" el="64" ec="68" bec="0" bev="0" fileid="2" />
                <SequencePoint vc="0" uspid="100" ordinal="25" offset="354" sl="65" sc="13" el="65" ec="41" bec="0" bev="0" fileid="2" />
                <SequencePoint vc="0" uspid="101" ordinal="26" offset="367" sl="69" sc="13" el="69" ec="49" bec="0" bev="0" fileid="2" />
                <SequencePoint vc="0" uspid="102" ordinal="27" offset="380" sl="70" sc="13" el="70" ec="79" bec="0" bev="0" fileid="2" />
                <SequencePoint vc="0" uspid="103" ordinal="28" offset="404" sl="71" sc="13" el="71" ec="57" bec="0" bev="0" fileid="2" />
                <SequencePoint vc="0" uspid="104" ordinal="29" offset="421" sl="72" sc="13" el="72" ec="72" bec="0" bev="0" fileid="2" />
                <SequencePoint vc="0" uspid="105" ordinal="30" offset="442" sl="73" sc="13" el="73" ec="46" bec="0" bev="0" fileid="2" />
                <SequencePoint vc="0" uspid="106" ordinal="31" offset="455" sl="74" sc="13" el="74" ec="49" bec="0" bev="0" fileid="2" />
                <SequencePoint vc="0" uspid="107" ordinal="32" offset="472" sl="78" sc="13" el="78" ec="76" bec="0" bev="0" fileid="2" />
                <SequencePoint vc="0" uspid="108" ordinal="33" offset="499" sl="79" sc="13" el="79" ec="51" bec="0" bev="0" fileid="2" />
                <SequencePoint vc="0" uspid="109" ordinal="34" offset="516" sl="80" sc="13" el="80" ec="70" bec="0" bev="0" fileid="2" />
                <SequencePoint vc="0" uspid="110" ordinal="35" offset="537" sl="81" sc="13" el="81" ec="43" bec="0" bev="0" fileid="2" />
                <SequencePoint vc="0" uspid="111" ordinal="36" offset="550" sl="85" sc="13" el="85" ec="51" bec="0" bev="0" fileid="2" />
                <SequencePoint vc="0" uspid="112" ordinal="37" offset="563" sl="86" sc="13" el="86" ec="81" bec="0" bev="0" fileid="2" />
                <SequencePoint vc="0" uspid="113" ordinal="38" offset="590" sl="87" sc="13" el="87" ec="61" bec="0" bev="0" fileid="2" />
                <SequencePoint vc="0" uspid="114" ordinal="39" offset="607" sl="88" sc="13" el="88" ec="74" bec="0" bev="0" fileid="2" />
                <SequencePoint vc="0" uspid="115" ordinal="40" offset="628" sl="89" sc="13" el="89" ec="48" bec="0" bev="0" fileid="2" />
                <SequencePoint vc="0" uspid="116" ordinal="41" offset="641" sl="90" sc="13" el="90" ec="51" bec="0" bev="0" fileid="2" />
                <SequencePoint vc="0" uspid="117" ordinal="42" offset="658" sl="94" sc="13" el="94" ec="75" bec="0" bev="0" fileid="2" />
                <SequencePoint vc="0" uspid="118" ordinal="43" offset="682" sl="95" sc="13" el="95" ec="51" bec="0" bev="0" fileid="2" />
                <SequencePoint vc="0" uspid="119" ordinal="44" offset="699" sl="96" sc="13" el="96" ec="70" bec="0" bev="0" fileid="2" />
                <SequencePoint vc="0" uspid="120" ordinal="45" offset="720" sl="97" sc="13" el="97" ec="43" bec="0" bev="0" fileid="2" />
                <SequencePoint vc="0" uspid="121" ordinal="46" offset="733" sl="101" sc="13" el="101" ec="50" bec="0" bev="0" fileid="2" />
                <SequencePoint vc="0" uspid="122" ordinal="47" offset="746" sl="102" sc="13" el="102" ec="79" bec="0" bev="0" fileid="2" />
                <SequencePoint vc="0" uspid="123" ordinal="48" offset="770" sl="103" sc="13" el="103" ec="59" bec="0" bev="0" fileid="2" />
                <SequencePoint vc="0" uspid="124" ordinal="49" offset="787" sl="104" sc="13" el="104" ec="73" bec="0" bev="0" fileid="2" />
                <SequencePoint vc="0" uspid="125" ordinal="50" offset="808" sl="105" sc="13" el="105" ec="47" bec="0" bev="0" fileid="2" />
                <SequencePoint vc="0" uspid="126" ordinal="51" offset="821" sl="106" sc="13" el="106" ec="50" bec="0" bev="0" fileid="2" />
                <SequencePoint vc="0" uspid="127" ordinal="52" offset="838" sl="110" sc="13" el="110" ec="80" bec="0" bev="0" fileid="2" />
                <SequencePoint vc="0" uspid="128" ordinal="53" offset="851" sl="111" sc="13" el="111" ec="73" bec="0" bev="0" fileid="2" />
                <SequencePoint vc="0" uspid="129" ordinal="54" offset="875" sl="112" sc="13" el="112" ec="47" bec="0" bev="0" fileid="2" />
                <SequencePoint vc="0" uspid="130" ordinal="55" offset="892" sl="113" sc="13" el="113" ec="67" bec="0" bev="0" fileid="2" />
                <SequencePoint vc="0" uspid="131" ordinal="56" offset="913" sl="114" sc="13" el="114" ec="41" bec="0" bev="0" fileid="2" />
                <SequencePoint vc="0" uspid="132" ordinal="57" offset="926" sl="115" sc="13" el="115" ec="40" bec="0" bev="0" fileid="2" />
                <SequencePoint vc="0" uspid="133" ordinal="58" offset="943" sl="116" sc="13" el="116" ec="59" bec="0" bev="0" fileid="2" />
                <SequencePoint vc="0" uspid="134" ordinal="59" offset="956" sl="117" sc="13" el="117" ec="83" bec="0" bev="0" fileid="2" />
                <SequencePoint vc="0" uspid="135" ordinal="60" offset="980" sl="121" sc="13" el="121" ec="88" bec="0" bev="0" fileid="2" />
                <SequencePoint vc="0" uspid="136" ordinal="61" offset="993" sl="122" sc="13" el="122" ec="78" bec="0" bev="0" fileid="2" />
                <SequencePoint vc="0" uspid="137" ordinal="62" offset="1020" sl="123" sc="13" el="123" ec="55" bec="0" bev="0" fileid="2" />
                <SequencePoint vc="0" uspid="138" ordinal="63" offset="1037" sl="124" sc="13" el="124" ec="71" bec="0" bev="0" fileid="2" />
                <SequencePoint vc="0" uspid="139" ordinal="64" offset="1058" sl="125" sc="13" el="125" ec="45" bec="0" bev="0" fileid="2" />
                <SequencePoint vc="0" uspid="140" ordinal="65" offset="1071" sl="126" sc="13" el="126" ec="48" bec="0" bev="0" fileid="2" />
                <SequencePoint vc="0" uspid="141" ordinal="66" offset="1088" sl="127" sc="13" el="127" ec="63" bec="0" bev="0" fileid="2" />
                <SequencePoint vc="0" uspid="142" ordinal="67" offset="1101" sl="131" sc="13" el="131" ec="74" bec="0" bev="0" fileid="2" />
                <SequencePoint vc="0" uspid="143" ordinal="68" offset="1123" sl="132" sc="13" el="132" ec="74" bec="0" bev="0" fileid="2" />
                <SequencePoint vc="0" uspid="144" ordinal="69" offset="1131" sl="133" sc="13" el="133" ec="65" bec="0" bev="0" fileid="2" />
                <SequencePoint vc="0" uspid="145" ordinal="70" offset="1153" sl="134" sc="13" el="134" ec="51" bec="0" bev="0" fileid="2" />
                <SequencePoint vc="0" uspid="146" ordinal="71" offset="1171" sl="135" sc="13" el="135" ec="47" bec="0" bev="0" fileid="2" />
                <SequencePoint vc="0" uspid="147" ordinal="72" offset="1189" sl="136" sc="13" el="136" ec="53" bec="0" bev="0" fileid="2" />
                <SequencePoint vc="0" uspid="148" ordinal="73" offset="1207" sl="137" sc="13" el="137" ec="54" bec="0" bev="0" fileid="2" />
                <SequencePoint vc="0" uspid="149" ordinal="74" offset="1225" sl="138" sc="13" el="138" ec="52" bec="0" bev="0" fileid="2" />
                <SequencePoint vc="0" uspid="150" ordinal="75" offset="1243" sl="139" sc="13" el="139" ec="51" bec="0" bev="0" fileid="2" />
                <SequencePoint vc="0" uspid="151" ordinal="76" offset="1261" sl="140" sc="13" el="140" ec="49" bec="0" bev="0" fileid="2" />
                <SequencePoint vc="0" uspid="152" ordinal="77" offset="1279" sl="141" sc="13" el="141" ec="49" bec="0" bev="0" fileid="2" />
                <SequencePoint vc="0" uspid="153" ordinal="78" offset="1297" sl="142" sc="13" el="142" ec="47" bec="0" bev="0" fileid="2" />
                <SequencePoint vc="0" uspid="154" ordinal="79" offset="1315" sl="143" sc="13" el="143" ec="47" bec="0" bev="0" fileid="2" />
                <SequencePoint vc="0" uspid="155" ordinal="80" offset="1333" sl="144" sc="13" el="144" ec="49" bec="0" bev="0" fileid="2" />
                <SequencePoint vc="0" uspid="156" ordinal="81" offset="1345" sl="145" sc="13" el="145" ec="49" bec="0" bev="0" fileid="2" />
                <SequencePoint vc="0" uspid="157" ordinal="82" offset="1357" sl="146" sc="13" el="146" ec="38" bec="0" bev="0" fileid="2" />
                <SequencePoint vc="0" uspid="158" ordinal="83" offset="1365" sl="147" sc="13" el="147" ec="34" bec="0" bev="0" fileid="2" />
                <SequencePoint vc="0" uspid="159" ordinal="84" offset="1372" sl="149" sc="9" el="149" ec="10" bec="0" bev="0" fileid="2" />
              </SequencePoints>
              <BranchPoints />
              <MethodPoint xsi:type="SequencePoint" vc="0" uspid="75" ordinal="0" offset="0" sl="31" sc="9" el="31" ec="10" bec="0" bev="0" fileid="2" />
            </Method>
          </Methods>
        </Class>
        <Class>
          <Summary numSequencePoints="18" visitedSequencePoints="0" numBranchPoints="8" visitedBranchPoints="0" sequenceCoverage="0" branchCoverage="0" maxCyclomaticComplexity="5" minCyclomaticComplexity="1" maxCrapScore="30" minCrapScore="2" visitedClasses="0" numClasses="1" visitedMethods="0" numMethods="4" />
          <FullName>PowerPoint.Factory</FullName>
          <Methods>
            <Method visited="false" cyclomaticComplexity="5" nPathComplexity="4" sequenceCoverage="0" branchCoverage="0" crapScore="30" isConstructor="false" isStatic="false" isGetter="false" isSetter="false">
              <Summary numSequencePoints="7" visitedSequencePoints="0" numBranchPoints="5" visitedBranchPoints="0" sequenceCoverage="0" branchCoverage="0" maxCyclomaticComplexity="5" minCyclomaticComplexity="5" maxCrapScore="30" minCrapScore="30" visitedClasses="0" numClasses="0" visitedMethods="0" numMethods="1" />
              <MetadataToken>100663311</MetadataToken>
              <Name>PowerPoint.Shape PowerPoint.Factory::CreateShape(PowerPoint.ShapeType)</Name>
              <FileRef uid="4" />
              <SequencePoints>
                <SequencePoint vc="0" uspid="160" ordinal="0" offset="0" sl="20" sc="9" el="20" ec="10" bec="0" bev="0" fileid="4" />
                <SequencePoint vc="0" uspid="161" ordinal="1" offset="1" sl="21" sc="13" el="21" ec="31" bec="4" bev="0" fileid="4" />
                <SequencePoint vc="0" uspid="162" ordinal="2" offset="25" sl="24" sc="21" el="24" ec="55" bec="0" bev="0" fileid="4" />
                <SequencePoint vc="0" uspid="163" ordinal="3" offset="45" sl="26" sc="21" el="26" ec="60" bec="0" bev="0" fileid="4" />
                <SequencePoint vc="0" uspid="164" ordinal="4" offset="65" sl="28" sc="21" el="28" ec="57" bec="0" bev="0" fileid="4" />
                <SequencePoint vc="0" uspid="165" ordinal="5" offset="85" sl="30" sc="21" el="30" ec="60" bec="0" bev="0" fileid="4" />
                <SequencePoint vc="0" uspid="166" ordinal="6" offset="105" sl="32" sc="9" el="32" ec="10" bec="0" bev="0" fileid="4" />
              </SequencePoints>
              <BranchPoints>
                <BranchPoint vc="0" uspid="167" ordinal="0" offset="6" sl="21" path="0" offsetchain="23" offsetend="85" fileid="4" />
                <BranchPoint vc="0" uspid="168" ordinal="1" offset="6" sl="21" path="1" offsetend="65" fileid="4" />
                <BranchPoint vc="0" uspid="169" ordinal="2" offset="6" sl="21" path="2" offsetend="25" fileid="4" />
                <BranchPoint vc="0" uspid="170" ordinal="3" offset="6" sl="21" path="3" offsetend="45" fileid="4" />
              </BranchPoints>
              <MethodPoint xsi:type="SequencePoint" vc="0" uspid="160" ordinal="0" offset="0" sl="20" sc="9" el="20" ec="10" bec="0" bev="0" fileid="4" />
            </Method>
            <Method visited="false" cyclomaticComplexity="1" nPathComplexity="0" sequenceCoverage="0" branchCoverage="0" crapScore="2" isConstructor="false" isStatic="false" isGetter="false" isSetter="false">
              <Summary numSequencePoints="4" visitedSequencePoints="0" numBranchPoints="1" visitedBranchPoints="0" sequenceCoverage="0" branchCoverage="0" maxCyclomaticComplexity="1" minCyclomaticComplexity="1" maxCrapScore="2" minCrapScore="2" visitedClasses="0" numClasses="0" visitedMethods="0" numMethods="1" />
              <MetadataToken>100663312</MetadataToken>
              <Name>System.Void PowerPoint.Factory::ResizeCanvas(System.Int32,System.Int32)</Name>
              <FileRef uid="4" />
              <SequencePoints>
                <SequencePoint vc="0" uspid="171" ordinal="0" offset="0" sl="36" sc="9" el="36" ec="10" bec="0" bev="0" fileid="4" />
                <SequencePoint vc="0" uspid="172" ordinal="1" offset="1" sl="37" sc="13" el="37" ec="34" bec="0" bev="0" fileid="4" />
                <SequencePoint vc="0" uspid="173" ordinal="2" offset="8" sl="38" sc="13" el="38" ec="36" bec="0" bev="0" fileid="4" />
                <SequencePoint vc="0" uspid="174" ordinal="3" offset="15" sl="39" sc="9" el="39" ec="10" bec="0" bev="0" fileid="4" />
              </SequencePoints>
              <BranchPoints />
              <MethodPoint xsi:type="SequencePoint" vc="0" uspid="171" ordinal="0" offset="0" sl="36" sc="9" el="36" ec="10" bec="0" bev="0" fileid="4" />
            </Method>
            <Method visited="false" cyclomaticComplexity="1" nPathComplexity="0" sequenceCoverage="0" branchCoverage="0" crapScore="2" isConstructor="false" isStatic="false" isGetter="false" isSetter="false">
              <Summary numSequencePoints="4" visitedSequencePoints="0" numBranchPoints="1" visitedBranchPoints="0" sequenceCoverage="0" branchCoverage="0" maxCyclomaticComplexity="1" minCyclomaticComplexity="1" maxCrapScore="2" minCrapScore="2" visitedClasses="0" numClasses="0" visitedMethods="0" numMethods="1" />
              <MetadataToken>100663313</MetadataToken>
              <Name>System.Void PowerPoint.Factory::SetPoint(System.Drawing.Point,System.Drawing.Point)</Name>
              <FileRef uid="4" />
              <SequencePoints>
                <SequencePoint vc="0" uspid="175" ordinal="0" offset="0" sl="43" sc="9" el="43" ec="10" bec="0" bev="0" fileid="4" />
                <SequencePoint vc="0" uspid="176" ordinal="1" offset="1" sl="44" sc="13" el="44" ec="30" bec="0" bev="0" fileid="4" />
                <SequencePoint vc="0" uspid="177" ordinal="2" offset="8" sl="45" sc="13" el="45" ec="30" bec="0" bev="0" fileid="4" />
                <SequencePoint vc="0" uspid="178" ordinal="3" offset="15" sl="46" sc="9" el="46" ec="10" bec="0" bev="0" fileid="4" />
              </SequencePoints>
              <BranchPoints />
              <MethodPoint xsi:type="SequencePoint" vc="0" uspid="175" ordinal="0" offset="0" sl="43" sc="9" el="43" ec="10" bec="0" bev="0" fileid="4" />
            </Method>
            <Method visited="false" cyclomaticComplexity="1" nPathComplexity="0" sequenceCoverage="0" branchCoverage="0" crapScore="2" isConstructor="true" isStatic="false" isGetter="false" isSetter="false">
              <Summary numSequencePoints="3" visitedSequencePoints="0" numBranchPoints="1" visitedBranchPoints="0" sequenceCoverage="0" branchCoverage="0" maxCyclomaticComplexity="1" minCyclomaticComplexity="1" maxCrapScore="2" minCrapScore="2" visitedClasses="0" numClasses="0" visitedMethods="0" numMethods="1" />
              <MetadataToken>100663314</MetadataToken>
              <Name>System.Void PowerPoint.Factory::.ctor()</Name>
              <FileRef uid="4" />
              <SequencePoints>
                <SequencePoint vc="0" uspid="179" ordinal="0" offset="0" sl="12" sc="9" el="12" ec="58" bec="0" bev="0" fileid="4" />
                <SequencePoint vc="0" uspid="180" ordinal="1" offset="11" sl="13" sc="9" el="13" ec="60" bec="0" bev="0" fileid="4" />
                <SequencePoint vc="0" uspid="181" ordinal="2" offset="22" sl="17" sc="9" el="17" ec="48" bec="0" bev="0" fileid="4" />
              </SequencePoints>
              <BranchPoints />
              <MethodPoint xsi:type="SequencePoint" vc="0" uspid="179" ordinal="0" offset="0" sl="12" sc="9" el="12" ec="58" bec="0" bev="0" fileid="4" />
            </Method>
          </Methods>
        </Class>
        <Class>
          <Summary numSequencePoints="393" visitedSequencePoints="0" numBranchPoints="43" visitedBranchPoints="0" sequenceCoverage="0" branchCoverage="0" maxCyclomaticComplexity="3" minCyclomaticComplexity="1" maxCrapScore="12" minCrapScore="2" visitedClasses="0" numClasses="1" visitedMethods="0" numMethods="31" />
          <FullName>PowerPoint.Form1</FullName>
          <Methods>
            <Method visited="false" cyclomaticComplexity="1" nPathComplexity="0" sequenceCoverage="0" branchCoverage="0" crapScore="2" isConstructor="true" isStatic="false" isGetter="false" isSetter="false">
              <Summary numSequencePoints="17" visitedSequencePoints="0" numBranchPoints="1" visitedBranchPoints="0" sequenceCoverage="0" branchCoverage="0" maxCyclomaticComplexity="1" minCyclomaticComplexity="1" maxCrapScore="2" minCrapScore="2" visitedClasses="0" numClasses="0" visitedMethods="0" numMethods="1" />
              <MetadataToken>100663315</MetadataToken>
              <Name>System.Void PowerPoint.Form1::.ctor(PowerPoint.Model)</Name>
              <FileRef uid="5" />
              <SequencePoints>
                <SequencePoint vc="0" uspid="182" ordinal="0" offset="0" sl="11" sc="9" el="11" ec="68" bec="0" bev="0" fileid="5" />
                <SequencePoint vc="0" uspid="183" ordinal="1" offset="7" sl="19" sc="9" el="19" ec="34" bec="0" bev="0" fileid="6" />
                <SequencePoint vc="0" uspid="184" ordinal="2" offset="14" sl="20" sc="9" el="20" ec="10" bec="0" bev="0" fileid="6" />
                <SequencePoint vc="0" uspid="185" ordinal="3" offset="15" sl="21" sc="13" el="21" ec="28" bec="0" bev="0" fileid="6" />
                <SequencePoint vc="0" uspid="186" ordinal="4" offset="22" sl="22" sc="13" el="22" ec="58" bec="0" bev="0" fileid="6" />
                <SequencePoint vc="0" uspid="187" ordinal="5" offset="39" sl="23" sc="13" el="23" ec="60" bec="0" bev="0" fileid="6" />
                <SequencePoint vc="0" uspid="188" ordinal="6" offset="63" sl="24" sc="13" el="24" ec="52" bec="0" bev="0" fileid="6" />
                <SequencePoint vc="0" uspid="189" ordinal="7" offset="87" sl="25" sc="13" el="25" ec="72" bec="0" bev="0" fileid="6" />
                <SequencePoint vc="0" uspid="190" ordinal="8" offset="111" sl="27" sc="13" el="27" ec="35" bec="0" bev="0" fileid="6" />
                <SequencePoint vc="0" uspid="191" ordinal="9" offset="118" sl="28" sc="13" el="28" ec="30" bec="0" bev="0" fileid="6" />
                <SequencePoint vc="0" uspid="192" ordinal="10" offset="125" sl="29" sc="13" el="29" ec="38" bec="0" bev="0" fileid="6" />
                <SequencePoint vc="0" uspid="193" ordinal="11" offset="132" sl="30" sc="13" el="30" ec="31" bec="0" bev="0" fileid="6" />
                <SequencePoint vc="0" uspid="194" ordinal="12" offset="139" sl="32" sc="13" el="32" ec="48" bec="0" bev="0" fileid="6" />
                <SequencePoint vc="0" uspid="195" ordinal="13" offset="148" sl="33" sc="13" el="33" ec="31" bec="0" bev="0" fileid="6" />
                <SequencePoint vc="0" uspid="196" ordinal="14" offset="155" sl="34" sc="13" el="34" ec="42" bec="0" bev="0" fileid="6" />
                <SequencePoint vc="0" uspid="197" ordinal="15" offset="174" sl="35" sc="13" el="35" ec="36" bec="0" bev="0" fileid="6" />
                <SequencePoint vc="0" uspid="198" ordinal="16" offset="182" sl="36" sc="9" el="36" ec="10" bec="0" bev="0" fileid="6" />
              </SequencePoints>
              <BranchPoints />
              <MethodPoint xsi:type="SequencePoint" vc="0" uspid="182" ordinal="0" offset="0" sl="11" sc="9" el="11" ec="68" bec="0" bev="0" fileid="5" />
            </Method>
            <Method visited="false" cyclomaticComplexity="1" nPathComplexity="0" sequenceCoverage="0" branchCoverage="0" crapScore="2" isConstructor="false" isStatic="false" isGetter="false" isSetter="false">
              <Summary numSequencePoints="7" visitedSequencePoints="0" numBranchPoints="1" visitedBranchPoints="0" sequenceCoverage="0" branchCoverage="0" maxCyclomaticComplexity="1" minCyclomaticComplexity="1" maxCrapScore="2" minCrapScore="2" visitedClasses="0" numClasses="0" visitedMethods="0" numMethods="1" />
              <MetadataToken>100663316</MetadataToken>
              <Name>System.Void PowerPoint.Form1::InitializeDataGridView()</Name>
              <FileRef uid="6" />
              <SequencePoints>
                <SequencePoint vc="0" uspid="199" ordinal="0" offset="0" sl="40" sc="9" el="40" ec="10" bec="0" bev="0" fileid="6" />
                <SequencePoint vc="0" uspid="200" ordinal="1" offset="1" sl="41" sc="13" el="41" ec="64" bec="0" bev="0" fileid="6" />
                <SequencePoint vc="0" uspid="201" ordinal="2" offset="24" sl="42" sc="13" el="42" ec="80" bec="0" bev="0" fileid="6" />
                <SequencePoint vc="0" uspid="202" ordinal="3" offset="52" sl="43" sc="13" el="43" ec="141" bec="0" bev="0" fileid="6" />
                <SequencePoint vc="0" uspid="203" ordinal="4" offset="76" sl="44" sc="13" el="44" ec="117" bec="0" bev="0" fileid="6" />
                <SequencePoint vc="0" uspid="204" ordinal="5" offset="90" sl="45" sc="13" el="45" ec="101" bec="0" bev="0" fileid="6" />
                <SequencePoint vc="0" uspid="205" ordinal="6" offset="115" sl="47" sc="9" el="47" ec="10" bec="0" bev="0" fileid="6" />
              </SequencePoints>
              <BranchPoints />
              <MethodPoint xsi:type="SequencePoint" vc="0" uspid="199" ordinal="0" offset="0" sl="40" sc="9" el="40" ec="10" bec="0" bev="0" fileid="6" />
            </Method>
            <Method visited="false" cyclomaticComplexity="1" nPathComplexity="0" sequenceCoverage="0" branchCoverage="0" crapScore="2" isConstructor="false" isStatic="false" isGetter="false" isSetter="false">
              <Summary numSequencePoints="8" visitedSequencePoints="0" numBranchPoints="1" visitedBranchPoints="0" sequenceCoverage="0" branchCoverage="0" maxCyclomaticComplexity="1" minCyclomaticComplexity="1" maxCrapScore="2" minCrapScore="2" visitedClasses="0" numClasses="0" visitedMethods="0" numMethods="1" />
              <MetadataToken>100663317</MetadataToken>
              <Name>System.Void PowerPoint.Form1::InitializePage()</Name>
              <FileRef uid="6" />
              <SequencePoints>
                <SequencePoint vc="0" uspid="206" ordinal="0" offset="0" sl="51" sc="9" el="51" ec="10" bec="0" bev="0" fileid="6" />
                <SequencePoint vc="0" uspid="207" ordinal="1" offset="1" sl="52" sc="13" el="52" ec="42" bec="0" bev="0" fileid="6" />
                <SequencePoint vc="0" uspid="208" ordinal="2" offset="7" sl="53" sc="13" el="53" ec="78" bec="0" bev="0" fileid="6" />
                <SequencePoint vc="0" uspid="209" ordinal="3" offset="19" sl="54" sc="13" el="54" ec="45" bec="0" bev="0" fileid="6" />
                <SequencePoint vc="0" uspid="210" ordinal="4" offset="38" sl="55" sc="13" el="55" ec="47" bec="0" bev="0" fileid="6" />
                <SequencePoint vc="0" uspid="211" ordinal="5" offset="52" sl="56" sc="13" el="56" ec="83" bec="0" bev="0" fileid="6" />
                <SequencePoint vc="0" uspid="212" ordinal="6" offset="68" sl="58" sc="13" el="58" ec="45" bec="0" bev="0" fileid="6" />
                <SequencePoint vc="0" uspid="213" ordinal="7" offset="86" sl="59" sc="9" el="59" ec="10" bec="0" bev="0" fileid="6" />
              </SequencePoints>
              <BranchPoints />
              <MethodPoint xsi:type="SequencePoint" vc="0" uspid="206" ordinal="0" offset="0" sl="51" sc="9" el="51" ec="10" bec="0" bev="0" fileid="6" />
            </Method>
            <Method visited="false" cyclomaticComplexity="1" nPathComplexity="0" sequenceCoverage="0" branchCoverage="0" crapScore="2" isConstructor="false" isStatic="false" isGetter="false" isSetter="false">
              <Summary numSequencePoints="12" visitedSequencePoints="0" numBranchPoints="1" visitedBranchPoints="0" sequenceCoverage="0" branchCoverage="0" maxCyclomaticComplexity="1" minCyclomaticComplexity="1" maxCrapScore="2" minCrapScore="2" visitedClasses="0" numClasses="0" visitedMethods="0" numMethods="1" />
              <MetadataToken>100663318</MetadataToken>
              <Name>System.Void PowerPoint.Form1::InitializePanel()</Name>
              <FileRef uid="6" />
              <SequencePoints>
                <SequencePoint vc="0" uspid="214" ordinal="0" offset="0" sl="63" sc="9" el="63" ec="10" bec="0" bev="0" fileid="6" />
                <SequencePoint vc="0" uspid="215" ordinal="1" offset="1" sl="64" sc="13" el="64" ec="57" bec="0" bev="0" fileid="6" />
                <SequencePoint vc="0" uspid="216" ordinal="2" offset="25" sl="65" sc="13" el="65" ec="56" bec="0" bev="0" fileid="6" />
                <SequencePoint vc="0" uspid="217" ordinal="3" offset="49" sl="66" sc="13" el="66" ec="55" bec="0" bev="0" fileid="6" />
                <SequencePoint vc="0" uspid="218" ordinal="4" offset="73" sl="67" sc="13" el="67" ec="51" bec="0" bev="0" fileid="6" />
                <SequencePoint vc="0" uspid="219" ordinal="5" offset="97" sl="68" sc="13" el="68" ec="40" bec="0" bev="0" fileid="6" />
                <SequencePoint vc="0" uspid="220" ordinal="6" offset="110" sl="69" sc="13" el="69" ec="37" bec="0" bev="0" fileid="6" />
                <SequencePoint vc="0" uspid="221" ordinal="7" offset="117" sl="70" sc="13" el="70" ec="89" bec="0" bev="0" fileid="6" />
                <SequencePoint vc="0" uspid="222" ordinal="8" offset="146" sl="71" sc="13" el="71" ec="82" bec="0" bev="0" fileid="6" />
                <SequencePoint vc="0" uspid="223" ordinal="9" offset="170" sl="72" sc="13" el="72" ec="93" bec="0" bev="0" fileid="6" />
                <SequencePoint vc="0" uspid="224" ordinal="10" offset="199" sl="73" sc="13" el="73" ec="86" bec="0" bev="0" fileid="6" />
                <SequencePoint vc="0" uspid="225" ordinal="11" offset="223" sl="74" sc="9" el="74" ec="10" bec="0" bev="0" fileid="6" />
              </SequencePoints>
              <BranchPoints />
              <MethodPoint xsi:type="SequencePoint" vc="0" uspid="214" ordinal="0" offset="0" sl="63" sc="9" el="63" ec="10" bec="0" bev="0" fileid="6" />
            </Method>
            <Method visited="false" cyclomaticComplexity="2" nPathComplexity="2" sequenceCoverage="0" branchCoverage="0" crapScore="6" isConstructor="false" isStatic="false" isGetter="false" isSetter="false">
              <Summary numSequencePoints="13" visitedSequencePoints="0" numBranchPoints="3" visitedBranchPoints="0" sequenceCoverage="0" branchCoverage="0" maxCyclomaticComplexity="2" minCyclomaticComplexity="2" maxCrapScore="6" minCrapScore="6" visitedClasses="0" numClasses="0" visitedMethods="0" numMethods="1" />
              <MetadataToken>100663319</MetadataToken>
              <Name>System.Void PowerPoint.Form1::HandleContainerResize()</Name>
              <FileRef uid="6" />
              <SequencePoints>
                <SequencePoint vc="0" uspid="226" ordinal="0" offset="0" sl="78" sc="9" el="78" ec="10" bec="0" bev="0" fileid="6" />
                <SequencePoint vc="0" uspid="227" ordinal="1" offset="1" sl="79" sc="18" el="79" ec="27" bec="0" bev="0" fileid="6" />
                <SequencePoint vc="0" uspid="228" ordinal="2" offset="8" sl="80" sc="13" el="80" ec="14" bec="0" bev="0" fileid="6" />
                <SequencePoint vc="0" uspid="229" ordinal="3" offset="9" sl="81" sc="17" el="81" ec="98" bec="0" bev="0" fileid="6" />
                <SequencePoint vc="0" uspid="230" ordinal="4" offset="50" sl="82" sc="17" el="82" ec="102" bec="0" bev="0" fileid="6" />
                <SequencePoint vc="0" uspid="231" ordinal="5" offset="107" sl="83" sc="17" el="83" ec="98" bec="0" bev="0" fileid="6" />
                <SequencePoint vc="0" uspid="232" ordinal="6" offset="160" sl="84" sc="13" el="84" ec="14" bec="0" bev="0" fileid="6" />
                <SequencePoint vc="0" uspid="233" ordinal="7" offset="161" sl="79" sc="60" el="79" ec="63" bec="0" bev="0" fileid="6" />
                <SequencePoint vc="0" uspid="234" ordinal="8" offset="165" sl="79" sc="29" el="79" ec="58" bec="2" bev="0" fileid="6" />
                <SequencePoint vc="0" uspid="235" ordinal="9" offset="191" sl="86" sc="13" el="86" ec="83" bec="0" bev="0" fileid="6" />
                <SequencePoint vc="0" uspid="236" ordinal="10" offset="221" sl="87" sc="13" el="87" ec="74" bec="0" bev="0" fileid="6" />
                <SequencePoint vc="0" uspid="237" ordinal="11" offset="256" sl="88" sc="13" el="88" ec="74" bec="0" bev="0" fileid="6" />
                <SequencePoint vc="0" uspid="238" ordinal="12" offset="290" sl="89" sc="9" el="89" ec="10" bec="0" bev="0" fileid="6" />
              </SequencePoints>
              <BranchPoints>
                <BranchPoint vc="0" uspid="239" ordinal="0" offset="186" sl="79" path="0" offsetend="191" fileid="6" />
                <BranchPoint vc="0" uspid="240" ordinal="1" offset="186" sl="79" path="1" offsetend="8" fileid="6" />
              </BranchPoints>
              <MethodPoint xsi:type="SequencePoint" vc="0" uspid="226" ordinal="0" offset="0" sl="78" sc="9" el="78" ec="10" bec="0" bev="0" fileid="6" />
            </Method>
            <Method visited="false" cyclomaticComplexity="1" nPathComplexity="0" sequenceCoverage="0" branchCoverage="0" crapScore="2" isConstructor="false" isStatic="false" isGetter="false" isSetter="false">
              <Summary numSequencePoints="6" visitedSequencePoints="0" numBranchPoints="1" visitedBranchPoints="0" sequenceCoverage="0" branchCoverage="0" maxCyclomaticComplexity="1" minCyclomaticComplexity="1" maxCrapScore="2" minCrapScore="2" visitedClasses="0" numClasses="0" visitedMethods="0" numMethods="1" />
              <MetadataToken>100663320</MetadataToken>
              <Name>System.Void PowerPoint.Form1::BindingFunction()</Name>
              <FileRef uid="6" />
              <SequencePoints>
                <SequencePoint vc="0" uspid="241" ordinal="0" offset="0" sl="93" sc="9" el="93" ec="10" bec="0" bev="0" fileid="6" />
                <SequencePoint vc="0" uspid="242" ordinal="1" offset="1" sl="94" sc="13" el="94" ec="98" bec="0" bev="0" fileid="6" />
                <SequencePoint vc="0" uspid="243" ordinal="2" offset="34" sl="95" sc="13" el="95" ec="108" bec="0" bev="0" fileid="6" />
                <SequencePoint vc="0" uspid="244" ordinal="3" offset="67" sl="96" sc="13" el="96" ec="102" bec="0" bev="0" fileid="6" />
                <SequencePoint vc="0" uspid="245" ordinal="4" offset="100" sl="97" sc="13" el="97" ec="101" bec="0" bev="0" fileid="6" />
                <SequencePoint vc="0" uspid="246" ordinal="5" offset="133" sl="98" sc="9" el="98" ec="10" bec="0" bev="0" fileid="6" />
              </SequencePoints>
              <BranchPoints />
              <MethodPoint xsi:type="SequencePoint" vc="0" uspid="241" ordinal="0" offset="0" sl="93" sc="9" el="93" ec="10" bec="0" bev="0" fileid="6" />
            </Method>
            <Method visited="false" cyclomaticComplexity="1" nPathComplexity="0" sequenceCoverage="0" branchCoverage="0" crapScore="2" isConstructor="false" isStatic="false" isGetter="false" isSetter="false">
              <Summary numSequencePoints="4" visitedSequencePoints="0" numBranchPoints="1" visitedBranchPoints="0" sequenceCoverage="0" branchCoverage="0" maxCyclomaticComplexity="1" minCyclomaticComplexity="1" maxCrapScore="2" minCrapScore="2" visitedClasses="0" numClasses="0" visitedMethods="0" numMethods="1" />
              <MetadataToken>100663321</MetadataToken>
              <Name>System.Void PowerPoint.Form1::HandleUndoRedoButton(System.Boolean,System.Boolean)</Name>
              <FileRef uid="6" />
              <SequencePoints>
                <SequencePoint vc="0" uspid="247" ordinal="0" offset="0" sl="102" sc="9" el="102" ec="10" bec="0" bev="0" fileid="6" />
                <SequencePoint vc="0" uspid="248" ordinal="1" offset="1" sl="103" sc="13" el="103" ec="42" bec="0" bev="0" fileid="6" />
                <SequencePoint vc="0" uspid="249" ordinal="2" offset="14" sl="104" sc="13" el="104" ec="42" bec="0" bev="0" fileid="6" />
                <SequencePoint vc="0" uspid="250" ordinal="3" offset="27" sl="105" sc="9" el="105" ec="10" bec="0" bev="0" fileid="6" />
              </SequencePoints>
              <BranchPoints />
              <MethodPoint xsi:type="SequencePoint" vc="0" uspid="247" ordinal="0" offset="0" sl="102" sc="9" el="102" ec="10" bec="0" bev="0" fileid="6" />
            </Method>
            <Method visited="false" cyclomaticComplexity="1" nPathComplexity="0" sequenceCoverage="0" branchCoverage="0" crapScore="2" isConstructor="false" isStatic="false" isGetter="false" isSetter="false">
              <Summary numSequencePoints="4" visitedSequencePoints="0" numBranchPoints="1" visitedBranchPoints="0" sequenceCoverage="0" branchCoverage="0" maxCyclomaticComplexity="1" minCyclomaticComplexity="1" maxCrapScore="2" minCrapScore="2" visitedClasses="0" numClasses="0" visitedMethods="0" numMethods="1" />
              <MetadataToken>100663322</MetadataToken>
              <Name>System.Void PowerPoint.Form1::Button1Click(System.Object,System.EventArgs)</Name>
              <FileRef uid="6" />
              <SequencePoints>
                <SequencePoint vc="0" uspid="251" ordinal="0" offset="0" sl="109" sc="9" el="109" ec="10" bec="0" bev="0" fileid="6" />
                <SequencePoint vc="0" uspid="252" ordinal="1" offset="1" sl="110" sc="13" el="110" ec="54" bec="0" bev="0" fileid="6" />
                <SequencePoint vc="0" uspid="253" ordinal="2" offset="7" sl="111" sc="13" el="111" ec="73" bec="0" bev="0" fileid="6" />
                <SequencePoint vc="0" uspid="254" ordinal="3" offset="31" sl="112" sc="9" el="112" ec="10" bec="0" bev="0" fileid="6" />
              </SequencePoints>
              <BranchPoints />
              <MethodPoint xsi:type="SequencePoint" vc="0" uspid="251" ordinal="0" offset="0" sl="109" sc="9" el="109" ec="10" bec="0" bev="0" fileid="6" />
            </Method>
            <Method visited="false" cyclomaticComplexity="1" nPathComplexity="0" sequenceCoverage="0" branchCoverage="0" crapScore="2" isConstructor="false" isStatic="false" isGetter="false" isSetter="false">
              <Summary numSequencePoints="3" visitedSequencePoints="0" numBranchPoints="1" visitedBranchPoints="0" sequenceCoverage="0" branchCoverage="0" maxCyclomaticComplexity="1" minCyclomaticComplexity="1" maxCrapScore="2" minCrapScore="2" visitedClasses="0" numClasses="0" visitedMethods="0" numMethods="1" />
              <MetadataToken>100663323</MetadataToken>
              <Name>System.Void PowerPoint.Form1::HandleCanvasPressed(System.Object,System.Windows.Forms.MouseEventArgs)</Name>
              <FileRef uid="6" />
              <SequencePoints>
                <SequencePoint vc="0" uspid="255" ordinal="0" offset="0" sl="116" sc="9" el="116" ec="10" bec="0" bev="0" fileid="6" />
                <SequencePoint vc="0" uspid="256" ordinal="1" offset="1" sl="117" sc="13" el="117" ec="60" bec="0" bev="0" fileid="6" />
                <SequencePoint vc="0" uspid="257" ordinal="2" offset="30" sl="118" sc="9" el="118" ec="10" bec="0" bev="0" fileid="6" />
              </SequencePoints>
              <BranchPoints />
              <MethodPoint xsi:type="SequencePoint" vc="0" uspid="255" ordinal="0" offset="0" sl="116" sc="9" el="116" ec="10" bec="0" bev="0" fileid="6" />
            </Method>
            <Method visited="false" cyclomaticComplexity="1" nPathComplexity="0" sequenceCoverage="0" branchCoverage="0" crapScore="2" isConstructor="false" isStatic="false" isGetter="false" isSetter="false">
              <Summary numSequencePoints="3" visitedSequencePoints="0" numBranchPoints="1" visitedBranchPoints="0" sequenceCoverage="0" branchCoverage="0" maxCyclomaticComplexity="1" minCyclomaticComplexity="1" maxCrapScore="2" minCrapScore="2" visitedClasses="0" numClasses="0" visitedMethods="0" numMethods="1" />
              <MetadataToken>100663324</MetadataToken>
              <Name>System.Void PowerPoint.Form1::HandleCanvasReleased(System.Object,System.Windows.Forms.MouseEventArgs)</Name>
              <FileRef uid="6" />
              <SequencePoints>
                <SequencePoint vc="0" uspid="258" ordinal="0" offset="0" sl="122" sc="9" el="122" ec="10" bec="0" bev="0" fileid="6" />
                <SequencePoint vc="0" uspid="259" ordinal="1" offset="1" sl="123" sc="13" el="123" ec="61" bec="0" bev="0" fileid="6" />
                <SequencePoint vc="0" uspid="260" ordinal="2" offset="30" sl="124" sc="9" el="124" ec="10" bec="0" bev="0" fileid="6" />
              </SequencePoints>
              <BranchPoints />
              <MethodPoint xsi:type="SequencePoint" vc="0" uspid="258" ordinal="0" offset="0" sl="122" sc="9" el="122" ec="10" bec="0" bev="0" fileid="6" />
            </Method>
            <Method visited="false" cyclomaticComplexity="1" nPathComplexity="0" sequenceCoverage="0" branchCoverage="0" crapScore="2" isConstructor="false" isStatic="false" isGetter="false" isSetter="false">
              <Summary numSequencePoints="3" visitedSequencePoints="0" numBranchPoints="1" visitedBranchPoints="0" sequenceCoverage="0" branchCoverage="0" maxCyclomaticComplexity="1" minCyclomaticComplexity="1" maxCrapScore="2" minCrapScore="2" visitedClasses="0" numClasses="0" visitedMethods="0" numMethods="1" />
              <MetadataToken>100663325</MetadataToken>
              <Name>System.Void PowerPoint.Form1::HandleCanvasMoved(System.Object,System.Windows.Forms.MouseEventArgs)</Name>
              <FileRef uid="6" />
              <SequencePoints>
                <SequencePoint vc="0" uspid="261" ordinal="0" offset="0" sl="128" sc="9" el="128" ec="10" bec="0" bev="0" fileid="6" />
                <SequencePoint vc="0" uspid="262" ordinal="1" offset="1" sl="129" sc="13" el="129" ec="58" bec="0" bev="0" fileid="6" />
                <SequencePoint vc="0" uspid="263" ordinal="2" offset="30" sl="130" sc="9" el="130" ec="10" bec="0" bev="0" fileid="6" />
              </SequencePoints>
              <BranchPoints />
              <MethodPoint xsi:type="SequencePoint" vc="0" uspid="261" ordinal="0" offset="0" sl="128" sc="9" el="128" ec="10" bec="0" bev="0" fileid="6" />
            </Method>
            <Method visited="false" cyclomaticComplexity="1" nPathComplexity="0" sequenceCoverage="0" branchCoverage="0" crapScore="2" isConstructor="false" isStatic="false" isGetter="false" isSetter="false">
              <Summary numSequencePoints="3" visitedSequencePoints="0" numBranchPoints="1" visitedBranchPoints="0" sequenceCoverage="0" branchCoverage="0" maxCyclomaticComplexity="1" minCyclomaticComplexity="1" maxCrapScore="2" minCrapScore="2" visitedClasses="0" numClasses="0" visitedMethods="0" numMethods="1" />
              <MetadataToken>100663326</MetadataToken>
              <Name>System.Void PowerPoint.Form1::SetCursor(System.Windows.Forms.Cursor)</Name>
              <FileRef uid="6" />
              <SequencePoints>
                <SequencePoint vc="0" uspid="264" ordinal="0" offset="0" sl="134" sc="9" el="134" ec="10" bec="0" bev="0" fileid="6" />
                <SequencePoint vc="0" uspid="265" ordinal="1" offset="1" sl="135" sc="13" el="135" ec="29" bec="0" bev="0" fileid="6" />
                <SequencePoint vc="0" uspid="266" ordinal="2" offset="9" sl="136" sc="9" el="136" ec="10" bec="0" bev="0" fileid="6" />
              </SequencePoints>
              <BranchPoints />
              <MethodPoint xsi:type="SequencePoint" vc="0" uspid="264" ordinal="0" offset="0" sl="134" sc="9" el="134" ec="10" bec="0" bev="0" fileid="6" />
            </Method>
            <Method visited="false" cyclomaticComplexity="1" nPathComplexity="0" sequenceCoverage="0" branchCoverage="0" crapScore="2" isConstructor="false" isStatic="false" isGetter="false" isSetter="false">
              <Summary numSequencePoints="3" visitedSequencePoints="0" numBranchPoints="1" visitedBranchPoints="0" sequenceCoverage="0" branchCoverage="0" maxCyclomaticComplexity="1" minCyclomaticComplexity="1" maxCrapScore="2" minCrapScore="2" visitedClasses="0" numClasses="0" visitedMethods="0" numMethods="1" />
              <MetadataToken>100663327</MetadataToken>
              <Name>System.Void PowerPoint.Form1::HandleCanvasPaint(System.Object,System.Windows.Forms.PaintEventArgs)</Name>
              <FileRef uid="6" />
              <SequencePoints>
                <SequencePoint vc="0" uspid="267" ordinal="0" offset="0" sl="140" sc="9" el="140" ec="10" bec="0" bev="0" fileid="6" />
                <SequencePoint vc="0" uspid="268" ordinal="1" offset="1" sl="142" sc="13" el="142" ec="41" bec="0" bev="0" fileid="6" />
                <SequencePoint vc="0" uspid="269" ordinal="2" offset="19" sl="143" sc="9" el="143" ec="10" bec="0" bev="0" fileid="6" />
              </SequencePoints>
              <BranchPoints />
              <MethodPoint xsi:type="SequencePoint" vc="0" uspid="267" ordinal="0" offset="0" sl="140" sc="9" el="140" ec="10" bec="0" bev="0" fileid="6" />
            </Method>
            <Method visited="false" cyclomaticComplexity="1" nPathComplexity="0" sequenceCoverage="0" branchCoverage="0" crapScore="2" isConstructor="false" isStatic="false" isGetter="false" isSetter="false">
              <Summary numSequencePoints="4" visitedSequencePoints="0" numBranchPoints="1" visitedBranchPoints="0" sequenceCoverage="0" branchCoverage="0" maxCyclomaticComplexity="1" minCyclomaticComplexity="1" maxCrapScore="2" minCrapScore="2" visitedClasses="0" numClasses="0" visitedMethods="0" numMethods="1" />
              <MetadataToken>100663328</MetadataToken>
              <Name>System.Void PowerPoint.Form1::HandleModelChanged()</Name>
              <FileRef uid="6" />
              <SequencePoints>
                <SequencePoint vc="0" uspid="270" ordinal="0" offset="0" sl="147" sc="9" el="147" ec="10" bec="0" bev="0" fileid="6" />
                <SequencePoint vc="0" uspid="271" ordinal="1" offset="1" sl="148" sc="13" el="148" ec="30" bec="0" bev="0" fileid="6" />
                <SequencePoint vc="0" uspid="272" ordinal="2" offset="9" sl="149" sc="13" el="149" ec="29" bec="0" bev="0" fileid="6" />
                <SequencePoint vc="0" uspid="273" ordinal="3" offset="16" sl="150" sc="9" el="150" ec="10" bec="0" bev="0" fileid="6" />
              </SequencePoints>
              <BranchPoints />
              <MethodPoint xsi:type="SequencePoint" vc="0" uspid="270" ordinal="0" offset="0" sl="147" sc="9" el="147" ec="10" bec="0" bev="0" fileid="6" />
            </Method>
            <Method visited="false" cyclomaticComplexity="1" nPathComplexity="0" sequenceCoverage="0" branchCoverage="0" crapScore="2" isConstructor="false" isStatic="false" isGetter="false" isSetter="false">
              <Summary numSequencePoints="3" visitedSequencePoints="0" numBranchPoints="1" visitedBranchPoints="0" sequenceCoverage="0" branchCoverage="0" maxCyclomaticComplexity="1" minCyclomaticComplexity="1" maxCrapScore="2" minCrapScore="2" visitedClasses="0" numClasses="0" visitedMethods="0" numMethods="1" />
              <MetadataToken>100663329</MetadataToken>
              <Name>System.Void PowerPoint.Form1::HandleUndoButtonClick(System.Object,System.EventArgs)</Name>
              <FileRef uid="6" />
              <SequencePoints>
                <SequencePoint vc="0" uspid="274" ordinal="0" offset="0" sl="154" sc="9" el="154" ec="10" bec="0" bev="0" fileid="6" />
                <SequencePoint vc="0" uspid="275" ordinal="1" offset="1" sl="155" sc="13" el="155" ec="31" bec="0" bev="0" fileid="6" />
                <SequencePoint vc="0" uspid="276" ordinal="2" offset="13" sl="156" sc="9" el="156" ec="10" bec="0" bev="0" fileid="6" />
              </SequencePoints>
              <BranchPoints />
              <MethodPoint xsi:type="SequencePoint" vc="0" uspid="274" ordinal="0" offset="0" sl="154" sc="9" el="154" ec="10" bec="0" bev="0" fileid="6" />
            </Method>
            <Method visited="false" cyclomaticComplexity="1" nPathComplexity="0" sequenceCoverage="0" branchCoverage="0" crapScore="2" isConstructor="false" isStatic="false" isGetter="false" isSetter="false">
              <Summary numSequencePoints="3" visitedSequencePoints="0" numBranchPoints="1" visitedBranchPoints="0" sequenceCoverage="0" branchCoverage="0" maxCyclomaticComplexity="1" minCyclomaticComplexity="1" maxCrapScore="2" minCrapScore="2" visitedClasses="0" numClasses="0" visitedMethods="0" numMethods="1" />
              <MetadataToken>100663330</MetadataToken>
              <Name>System.Void PowerPoint.Form1::HandleRedoButtonClick(System.Object,System.EventArgs)</Name>
              <FileRef uid="6" />
              <SequencePoints>
                <SequencePoint vc="0" uspid="277" ordinal="0" offset="0" sl="160" sc="9" el="160" ec="10" bec="0" bev="0" fileid="6" />
                <SequencePoint vc="0" uspid="278" ordinal="1" offset="1" sl="161" sc="13" el="161" ec="31" bec="0" bev="0" fileid="6" />
                <SequencePoint vc="0" uspid="279" ordinal="2" offset="13" sl="162" sc="9" el="162" ec="10" bec="0" bev="0" fileid="6" />
              </SequencePoints>
              <BranchPoints />
              <MethodPoint xsi:type="SequencePoint" vc="0" uspid="277" ordinal="0" offset="0" sl="160" sc="9" el="160" ec="10" bec="0" bev="0" fileid="6" />
            </Method>
            <Method visited="false" cyclomaticComplexity="2" nPathComplexity="2" sequenceCoverage="0" branchCoverage="0" crapScore="6" isConstructor="false" isStatic="false" isGetter="false" isSetter="false">
              <Summary numSequencePoints="6" visitedSequencePoints="0" numBranchPoints="3" visitedBranchPoints="0" sequenceCoverage="0" branchCoverage="0" maxCyclomaticComplexity="2" minCyclomaticComplexity="2" maxCrapScore="6" minCrapScore="6" visitedClasses="0" numClasses="0" visitedMethods="0" numMethods="1" />
              <MetadataToken>100663331</MetadataToken>
              <Name>System.Void PowerPoint.Form1::SetDataGridView1CellContentClick(System.Object,System.Windows.Forms.DataGridViewCellEventArgs)</Name>
              <FileRef uid="6" />
              <SequencePoints>
                <SequencePoint vc="0" uspid="280" ordinal="0" offset="0" sl="166" sc="9" el="166" ec="10" bec="0" bev="0" fileid="6" />
                <SequencePoint vc="0" uspid="281" ordinal="1" offset="1" sl="167" sc="13" el="167" ec="86" bec="2" bev="0" fileid="6" />
                <SequencePoint vc="0" uspid="282" ordinal="2" offset="42" sl="168" sc="13" el="168" ec="14" bec="0" bev="0" fileid="6" />
                <SequencePoint vc="0" uspid="283" ordinal="3" offset="43" sl="169" sc="17" el="169" ec="52" bec="0" bev="0" fileid="6" />
                <SequencePoint vc="0" uspid="284" ordinal="4" offset="61" sl="170" sc="13" el="170" ec="14" bec="0" bev="0" fileid="6" />
                <SequencePoint vc="0" uspid="285" ordinal="5" offset="62" sl="171" sc="9" el="171" ec="10" bec="0" bev="0" fileid="6" />
[...]
                <SequencePoint vc="0" uspid="1602" ordinal="5" offset="29" sl="10" sc="9" el="10" ec="10" bec="0" bev="0" fileid="24" />
              </SequencePoints>
              <BranchPoints />
              <MethodPoint xsi:type="SequencePoint" vc="0" uspid="1597" ordinal="0" offset="0" sl="5" sc="9" el="5" ec="66" bec="0" bev="0" fileid="24" />
            </Method>
            <Method visited="false" cyclomaticComplexity="1" nPathComplexity="0" sequenceCoverage="0" branchCoverage="0" crapScore="2" isConstructor="false" isStatic="false" isGetter="false" isSetter="false">
              <Summary numSequencePoints="3" visitedSequencePoints="0" numBranchPoints="1" visitedBranchPoints="0" sequenceCoverage="0" branchCoverage="0" maxCyclomaticComplexity="1" minCyclomaticComplexity="1" maxCrapScore="2" minCrapScore="2" visitedClasses="0" numClasses="0" visitedMethods="0" numMethods="1" />
              <MetadataToken>100663550</MetadataToken>
              <Name>System.Void PowerPoint.Command.DeleteCommand::Execute()</Name>
              <FileRef uid="24" />
              <SequencePoints>
                <SequencePoint vc="0" uspid="1603" ordinal="0" offset="0" sl="15" sc="9" el="15" ec="10" bec="0" bev="0" fileid="24" />
                <SequencePoint vc="0" uspid="1604" ordinal="1" offset="1" sl="16" sc="13" el="16" ec="46" bec="0" bev="0" fileid="24" />
                <SequencePoint vc="0" uspid="1605" ordinal="2" offset="19" sl="17" sc="9" el="17" ec="10" bec="0" bev="0" fileid="24" />
              </SequencePoints>
              <BranchPoints />
              <MethodPoint xsi:type="SequencePoint" vc="0" uspid="1603" ordinal="0" offset="0" sl="15" sc="9" el="15" ec="10" bec="0" bev="0" fileid="24" />
            </Method>
            <Method visited="false" cyclomaticComplexity="1" nPathComplexity="0" sequenceCoverage="0" branchCoverage="0" crapScore="2" isConstructor="false" isStatic="false" isGetter="false" isSetter="false">
              <Summary numSequencePoints="3" visitedSequencePoints="0" numBranchPoints="1" visitedBranchPoints="0" sequenceCoverage="0" branchCoverage="0" maxCyclomaticComplexity="1" minCyclomaticComplexity="1" maxCrapScore="2" minCrapScore="2" visitedClasses="0" numClasses="0" visitedMethods="0" numMethods="1" />
              <MetadataToken>100663551</MetadataToken>
              <Name>System.Void PowerPoint.Command.DeleteCommand::Unexecute()</Name>
              <FileRef uid="24" />
              <SequencePoints>
                <SequencePoint vc="0" uspid="1606" ordinal="0" offset="0" sl="22" sc="9" el="22" ec="10" bec="0" bev="0" fileid="24" />
                <SequencePoint vc="0" uspid="1607" ordinal="1" offset="1" sl="23" sc="13" el="23" ec="48" bec="0" bev="0" fileid="24" />
                <SequencePoint vc="0" uspid="1608" ordinal="2" offset="25" sl="24" sc="9" el="24" ec="10" bec="0" bev="0" fileid="24" />
              </SequencePoints>
              <BranchPoints />
              <MethodPoint xsi:type="SequencePoint" vc="0" uspid="1606" ordinal="0" offset="0" sl="22" sc="9" el="22" ec="10" bec="0" bev="0" fileid="24" />
            </Method>
          </Methods>
        </Class>
        <Class>
          <Summary numSequencePoints="12" visitedSequencePoints="0" numBranchPoints="3" visitedBranchPoints="0" sequenceCoverage="0" branchCoverage="0" maxCyclomaticComplexity="1" minCyclomaticComplexity="1" maxCrapScore="2" minCrapScore="2" visitedClasses="0" numClasses="1" visitedMethods="0" numMethods="3" />
          <FullName>PowerPoint.Command.DrawingCommand</FullName>
          <Methods>
            <Method visited="false" cyclomaticComplexity="1" nPathComplexity="0" sequenceCoverage="0" branchCoverage="0" crapScore="2" isConstructor="true" isStatic="false" isGetter="false" isSetter="false">
              <Summary numSequencePoints="6" visitedSequencePoints="0" numBranchPoints="1" visitedBranchPoints="0" sequenceCoverage="0" branchCoverage="0" maxCyclomaticComplexity="1" minCyclomaticComplexity="1" maxCrapScore="2" minCrapScore="2" visitedClasses="0" numClasses="0" visitedMethods="0" numMethods="1" />
              <MetadataToken>100663552</MetadataToken>
              <Name>System.Void PowerPoint.Command.DrawingCommand::.ctor(PowerPoint.Model,PowerPoint.Shape,System.Int32)</Name>
              <FileRef uid="25" />
              <SequencePoints>
                <SequencePoint vc="0" uspid="1609" ordinal="0" offset="0" sl="5" sc="9" el="5" ec="67" bec="0" bev="0" fileid="25" />
                <SequencePoint vc="0" uspid="1610" ordinal="1" offset="7" sl="6" sc="9" el="6" ec="10" bec="0" bev="0" fileid="25" />
                <SequencePoint vc="0" uspid="1611" ordinal="2" offset="8" sl="7" sc="13" el="7" ec="28" bec="0" bev="0" fileid="25" />
                <SequencePoint vc="0" uspid="1612" ordinal="3" offset="15" sl="8" sc="13" el="8" ec="28" bec="0" bev="0" fileid="25" />
                <SequencePoint vc="0" uspid="1613" ordinal="4" offset="22" sl="9" sc="13" el="9" ec="28" bec="0" bev="0" fileid="25" />
                <SequencePoint vc="0" uspid="1614" ordinal="5" offset="29" sl="10" sc="9" el="10" ec="10" bec="0" bev="0" fileid="25" />
              </SequencePoints>
              <BranchPoints />
              <MethodPoint xsi:type="SequencePoint" vc="0" uspid="1609" ordinal="0" offset="0" sl="5" sc="9" el="5" ec="67" bec="0" bev="0" fileid="25" />
            </Method>
            <Method visited="false" cyclomaticComplexity="1" nPathComplexity="0" sequenceCoverage="0" branchCoverage="0" crapScore="2" isConstructor="false" isStatic="false" isGetter="false" isSetter="false">
              <Summary numSequencePoints="3" visitedSequencePoints="0" numBranchPoints="1" visitedBranchPoints="0" sequenceCoverage="0" branchCoverage="0" maxCyclomaticComplexity="1" minCyclomaticComplexity="1" maxCrapScore="2" minCrapScore="2" visitedClasses="0" numClasses="0" visitedMethods="0" numMethods="1" />
              <MetadataToken>100663553</MetadataToken>
              <Name>System.Void PowerPoint.Command.DrawingCommand::Execute()</Name>
              <FileRef uid="25" />
              <SequencePoints>
                <SequencePoint vc="0" uspid="1615" ordinal="0" offset="0" sl="15" sc="9" el="15" ec="10" bec="0" bev="0" fileid="25" />
                <SequencePoint vc="0" uspid="1616" ordinal="1" offset="1" sl="16" sc="13" el="16" ec="48" bec="0" bev="0" fileid="25" />
                <SequencePoint vc="0" uspid="1617" ordinal="2" offset="25" sl="17" sc="9" el="17" ec="10" bec="0" bev="0" fileid="25" />
              </SequencePoints>
              <BranchPoints />
              <MethodPoint xsi:type="SequencePoint" vc="0" uspid="1615" ordinal="0" offset="0" sl="15" sc="9" el="15" ec="10" bec="0" bev="0" fileid="25" />
            </Method>
            <Method visited="false" cyclomaticComplexity="1" nPathComplexity="0" sequenceCoverage="0" branchCoverage="0" crapScore="2" isConstructor="false" isStatic="false" isGetter="false" isSetter="false">
              <Summary numSequencePoints="3" visitedSequencePoints="0" numBranchPoints="1" visitedBranchPoints="0" sequenceCoverage="0" branchCoverage="0" maxCyclomaticComplexity="1" minCyclomaticComplexity="1" maxCrapScore="2" minCrapScore="2" visitedClasses="0" numClasses="0" visitedMethods="0" numMethods="1" />
              <MetadataToken>100663554</MetadataToken>
              <Name>System.Void PowerPoint.Command.DrawingCommand::Unexecute()</Name>
              <FileRef uid="25" />
              <SequencePoints>
                <SequencePoint vc="0" uspid="1618" ordinal="0" offset="0" sl="22" sc="9" el="22" ec="10" bec="0" bev="0" fileid="25" />
                <SequencePoint vc="0" uspid="1619" ordinal="1" offset="1" sl="23" sc="13" el="23" ec="68" bec="0" bev="0" fileid="25" />
                <SequencePoint vc="0" uspid="1620" ordinal="2" offset="31" sl="24" sc="9" el="24" ec="10" bec="0" bev="0" fileid="25" />
              </SequencePoints>
              <BranchPoints />
              <MethodPoint xsi:type="SequencePoint" vc="0" uspid="1618" ordinal="0" offset="0" sl="22" sc="9" el="22" ec="10" bec="0" bev="0" fileid="25" />
            </Method>
          </Methods>
        </Class>
        <Class>
          <Summary numSequencePoints="12" visitedSequencePoints="0" numBranchPoints="3" visitedBranchPoints="0" sequenceCoverage="0" branchCoverage="0" maxCyclomaticComplexity="1" minCyclomaticComplexity="1" maxCrapScore="2" minCrapScore="2" visitedClasses="0" numClasses="1" visitedMethods="0" numMethods="3" />
          <FullName>PowerPoint.Command.MoveCommand</FullName>
          <Methods>
            <Method visited="false" cyclomaticComplexity="1" nPathComplexity="0" sequenceCoverage="0" branchCoverage="0" crapScore="2" isConstructor="true" isStatic="false" isGetter="false" isSetter="false">
              <Summary numSequencePoints="6" visitedSequencePoints="0" numBranchPoints="1" visitedBranchPoints="0" sequenceCoverage="0" branchCoverage="0" maxCyclomaticComplexity="1" minCyclomaticComplexity="1" maxCrapScore="2" minCrapScore="2" visitedClasses="0" numClasses="0" visitedMethods="0" numMethods="1" />
              <MetadataToken>100663555</MetadataToken>
              <Name>System.Void PowerPoint.Command.MoveCommand::.ctor(PowerPoint.Model,System.Int32,System.Drawing.Size)</Name>
              <FileRef uid="26" />
              <SequencePoints>
                <SequencePoint vc="0" uspid="1621" ordinal="0" offset="0" sl="7" sc="9" el="7" ec="62" bec="0" bev="0" fileid="26" />
                <SequencePoint vc="0" uspid="1622" ordinal="1" offset="7" sl="8" sc="9" el="8" ec="10" bec="0" bev="0" fileid="26" />
                <SequencePoint vc="0" uspid="1623" ordinal="2" offset="8" sl="9" sc="13" el="9" ec="28" bec="0" bev="0" fileid="26" />
                <SequencePoint vc="0" uspid="1624" ordinal="3" offset="15" sl="10" sc="13" el="10" ec="28" bec="0" bev="0" fileid="26" />
                <SequencePoint vc="0" uspid="1625" ordinal="4" offset="22" sl="11" sc="13" el="11" ec="26" bec="0" bev="0" fileid="26" />
                <SequencePoint vc="0" uspid="1626" ordinal="5" offset="29" sl="12" sc="9" el="12" ec="10" bec="0" bev="0" fileid="26" />
              </SequencePoints>
              <BranchPoints />
              <MethodPoint xsi:type="SequencePoint" vc="0" uspid="1621" ordinal="0" offset="0" sl="7" sc="9" el="7" ec="62" bec="0" bev="0" fileid="26" />
            </Method>
            <Method visited="false" cyclomaticComplexity="1" nPathComplexity="0" sequenceCoverage="0" branchCoverage="0" crapScore="2" isConstructor="false" isStatic="false" isGetter="false" isSetter="false">
              <Summary numSequencePoints="3" visitedSequencePoints="0" numBranchPoints="1" visitedBranchPoints="0" sequenceCoverage="0" branchCoverage="0" maxCyclomaticComplexity="1" minCyclomaticComplexity="1" maxCrapScore="2" minCrapScore="2" visitedClasses="0" numClasses="0" visitedMethods="0" numMethods="1" />
              <MetadataToken>100663556</MetadataToken>
              <Name>System.Void PowerPoint.Command.MoveCommand::Execute()</Name>
              <FileRef uid="26" />
              <SequencePoints>
                <SequencePoint vc="0" uspid="1627" ordinal="0" offset="0" sl="17" sc="9" el="17" ec="10" bec="0" bev="0" fileid="26" />
                <SequencePoint vc="0" uspid="1628" ordinal="1" offset="1" sl="18" sc="13" el="18" ec="51" bec="0" bev="0" fileid="26" />
                <SequencePoint vc="0" uspid="1629" ordinal="2" offset="25" sl="19" sc="9" el="19" ec="10" bec="0" bev="0" fileid="26" />
              </SequencePoints>
              <BranchPoints />
              <MethodPoint xsi:type="SequencePoint" vc="0" uspid="1627" ordinal="0" offset="0" sl="17" sc="9" el="17" ec="10" bec="0" bev="0" fileid="26" />
            </Method>
            <Method visited="false" cyclomaticComplexity="1" nPathComplexity="0" sequenceCoverage="0" branchCoverage="0" crapScore="2" isConstructor="false" isStatic="false" isGetter="false" isSetter="false">
              <Summary numSequencePoints="3" visitedSequencePoints="0" numBranchPoints="1" visitedBranchPoints="0" sequenceCoverage="0" branchCoverage="0" maxCyclomaticComplexity="1" minCyclomaticComplexity="1" maxCrapScore="2" minCrapScore="2" visitedClasses="0" numClasses="0" visitedMethods="0" numMethods="1" />
              <MetadataToken>100663557</MetadataToken>
              <Name>System.Void PowerPoint.Command.MoveCommand::Unexecute()</Name>
              <FileRef uid="26" />
              <SequencePoints>
                <SequencePoint vc="0" uspid="1630" ordinal="0" offset="0" sl="24" sc="9" el="24" ec="10" bec="0" bev="0" fileid="26" />
                <SequencePoint vc="0" uspid="1631" ordinal="1" offset="1" sl="25" sc="13" el="25" ec="91" bec="0" bev="0" fileid="26" />
                <SequencePoint vc="0" uspid="1632" ordinal="2" offset="50" sl="26" sc="9" el="26" ec="10" bec="0" bev="0" fileid="26" />
              </SequencePoints>
              <BranchPoints />
              <MethodPoint xsi:type="SequencePoint" vc="0" uspid="1630" ordinal="0" offset="0" sl="24" sc="9" el="24" ec="10" bec="0" bev="0" fileid="26" />
            </Method>
          </Methods>
        </Class>
        <Class>
          <Summary numSequencePoints="14" visitedSequencePoints="0" numBranchPoints="4" visitedBranchPoints="0" sequenceCoverage="0" branchCoverage="0" maxCyclomaticComplexity="1" minCyclomaticComplexity="1" maxCrapScore="2" minCrapScore="2" visitedClasses="0" numClasses="1" visitedMethods="0" numMethods="4" />
          <FullName>WindowPowerPoint.BindingToolStripButton</FullName>
          <Methods>
            <Method visited="false" cyclomaticComplexity="1" nPathComplexity="0" sequenceCoverage="0" branchCoverage="0" crapScore="2" isConstructor="false" isStatic="false" isGetter="true" isSetter="false">
              <Summary numSequencePoints="3" visitedSequencePoints="0" numBranchPoints="1" visitedBranchPoints="0" sequenceCoverage="0" branchCoverage="0" maxCyclomaticComplexity="1" minCyclomaticComplexity="1" maxCrapScore="2" minCrapScore="2" visitedClasses="0" numClasses="0" visitedMethods="0" numMethods="1" />
              <MetadataToken>100663559</MetadataToken>
              <Name>System.Windows.Forms.ControlBindingsCollection WindowPowerPoint.BindingToolStripButton::get_DataBindings()</Name>
              <FileRef uid="27" />
              <SequencePoints>
                <SequencePoint vc="0" uspid="1633" ordinal="0" offset="0" sl="16" sc="13" el="16" ec="14" bec="0" bev="0" fileid="27" />
                <SequencePoint vc="0" uspid="1634" ordinal="1" offset="1" sl="17" sc="17" el="17" ec="38" bec="0" bev="0" fileid="27" />
                <SequencePoint vc="0" uspid="1635" ordinal="2" offset="10" sl="18" sc="13" el="18" ec="14" bec="0" bev="0" fileid="27" />
              </SequencePoints>
              <BranchPoints />
              <MethodPoint xsi:type="SequencePoint" vc="0" uspid="1633" ordinal="0" offset="0" sl="16" sc="13" el="16" ec="14" bec="0" bev="0" fileid="27" />
            </Method>
            <Method visited="false" cyclomaticComplexity="1" nPathComplexity="0" sequenceCoverage="0" branchCoverage="0" crapScore="2" isConstructor="false" isStatic="false" isGetter="true" isSetter="false">
              <Summary numSequencePoints="3" visitedSequencePoints="0" numBranchPoints="1" visitedBranchPoints="0" sequenceCoverage="0" branchCoverage="0" maxCyclomaticComplexity="1" minCyclomaticComplexity="1" maxCrapScore="2" minCrapScore="2" visitedClasses="0" numClasses="0" visitedMethods="0" numMethods="1" />
              <MetadataToken>100663560</MetadataToken>
              <Name>System.Windows.Forms.BindingContext WindowPowerPoint.BindingToolStripButton::get_BindingContext()</Name>
              <FileRef uid="27" />
              <SequencePoints>
                <SequencePoint vc="0" uspid="1636" ordinal="0" offset="0" sl="24" sc="13" el="24" ec="14" bec="0" bev="0" fileid="27" />
                <SequencePoint vc="0" uspid="1637" ordinal="1" offset="1" sl="25" sc="17" el="25" ec="40" bec="0" bev="0" fileid="27" />
                <SequencePoint vc="0" uspid="1638" ordinal="2" offset="10" sl="26" sc="13" el="26" ec="14" bec="0" bev="0" fileid="27" />
              </SequencePoints>
              <BranchPoints />
              <MethodPoint xsi:type="SequencePoint" vc="0" uspid="1636" ordinal="0" offset="0" sl="24" sc="13" el="24" ec="14" bec="0" bev="0" fileid="27" />
            </Method>
            <Method visited="false" cyclomaticComplexity="1" nPathComplexity="0" sequenceCoverage="0" branchCoverage="0" crapScore="2" isConstructor="false" isStatic="false" isGetter="false" isSetter="true">
              <Summary numSequencePoints="3" visitedSequencePoints="0" numBranchPoints="1" visitedBranchPoints="0" sequenceCoverage="0" branchCoverage="0" maxCyclomaticComplexity="1" minCyclomaticComplexity="1" maxCrapScore="2" minCrapScore="2" visitedClasses="0" numClasses="0" visitedMethods="0" numMethods="1" />
              <MetadataToken>100663561</MetadataToken>
              <Name>System.Void WindowPowerPoint.BindingToolStripButton::set_BindingContext(System.Windows.Forms.BindingContext)</Name>
              <FileRef uid="27" />
              <SequencePoints>
                <SequencePoint vc="0" uspid="1639" ordinal="0" offset="0" sl="28" sc="13" el="28" ec="14" bec="0" bev="0" fileid="27" />
                <SequencePoint vc="0" uspid="1640" ordinal="1" offset="1" sl="29" sc="17" el="29" ec="41" bec="0" bev="0" fileid="27" />
                <SequencePoint vc="0" uspid="1641" ordinal="2" offset="8" sl="30" sc="13" el="30" ec="14" bec="0" bev="0" fileid="27" />
              </SequencePoints>
              <BranchPoints />
              <MethodPoint xsi:type="SequencePoint" vc="0" uspid="1639" ordinal="0" offset="0" sl="28" sc="13" el="28" ec="14" bec="0" bev="0" fileid="27" />
            </Method>
            <Method visited="false" cyclomaticComplexity="1" nPathComplexity="0" sequenceCoverage="0" branchCoverage="0" crapScore="2" isConstructor="true" isStatic="false" isGetter="false" isSetter="false">
              <Summary numSequencePoints="5" visitedSequencePoints="0" numBranchPoints="1" visitedBranchPoints="0" sequenceCoverage="0" branchCoverage="0" maxCyclomaticComplexity="1" minCyclomaticComplexity="1" maxCrapScore="2" minCrapScore="2" visitedClasses="0" numClasses="0" visitedMethods="0" numMethods="1" />
              <MetadataToken>100663558</MetadataToken>
              <Name>System.Void WindowPowerPoint.BindingToolStripButton::.ctor()</Name>
              <FileRef uid="27" />
              <SequencePoints>
                <SequencePoint vc="0" uspid="1642" ordinal="0" offset="0" sl="7" sc="9" el="7" ec="40" bec="0" bev="0" fileid="27" />
                <SequencePoint vc="0" uspid="1643" ordinal="1" offset="7" sl="8" sc="9" el="8" ec="10" bec="0" bev="0" fileid="27" />
                <SequencePoint vc="0" uspid="1644" ordinal="2" offset="8" sl="9" sc="13" el="9" ec="65" bec="0" bev="0" fileid="27" />
                <SequencePoint vc="0" uspid="1645" ordinal="3" offset="20" sl="10" sc="13" el="10" ec="52" bec="0" bev="0" fileid="27" />
                <SequencePoint vc="0" uspid="1646" ordinal="4" offset="31" sl="11" sc="9" el="11" ec="10" bec="0" bev="0" fileid="27" />
              </SequencePoints>
              <BranchPoints />
              <MethodPoint xsi:type="SequencePoint" vc="0" uspid="1642" ordinal="0" offset="0" sl="7" sc="9" el="7" ec="40" bec="0" bev="0" fileid="27" />
            </Method>
          </Methods>
        </Class>
      </Classes>
    </Module>
  </Modules>
</CoverageSession>